# JRE version: Java(TM) SE Runtime Environment (8.0_291-b10) (build 1.8.0_291-b10)
# Java VM: Java HotSpot(TM) 64-Bit Server VM (25.291-b10 mixed mode windows-amd64 compressed oops)
Heap:
 PSYoungGen      total 551936K, used 517585K [0x00000000d5580000, 0x0000000100000000, 0x0000000100000000)
  eden space 421376K, 100% used [0x00000000d5580000,0x00000000ef100000,0x00000000ef100000)
  from space 130560K, 73% used [0x00000000f8080000,0x00000000fde74508,0x0000000100000000)
  to   space 138752K, 23% used [0x00000000ef100000,0x00000000f105bb90,0x00000000f7880000)
 ParOldGen       total 318976K, used 239159K [0x0000000080000000, 0x0000000093780000, 0x00000000d5580000)
  object space 318976K, 74% used [0x0000000080000000,0x000000008e98dce0,0x0000000093780000)
 Metaspace       used 127305K, capacity 134840K, committed 135168K, reserved 1167360K
  class space    used 16463K, capacity 17821K, committed 17920K, reserved 1048576K
GC Heap History (10 events):
Event: 46.351 GC heap before
{Heap before GC invocations=20 (full 4):
 PSYoungGen      total 588800K, used 588779K [0x00000000d5580000, 0x0000000100000000, 0x0000000100000000)
  eden space 524800K, 100% used [0x00000000d5580000,0x00000000f5600000,0x00000000f5600000)
  from space 64000K, 99% used [0x00000000f5600000,0x00000000f947aec8,0x00000000f9480000)
  to   space 97280K, 0% used [0x00000000fa100000,0x00000000fa100000,0x0000000100000000)
 ParOldGen       total 318976K, used 169629K [0x0000000080000000, 0x0000000093780000, 0x00000000d5580000)
  object space 318976K, 53% used [0x0000000080000000,0x000000008a5a7788,0x0000000093780000)
 Metaspace       used 114802K, capacity 121036K, committed 121344K, reserved 1155072K
  class space    used 15094K, capacity 16266K, committed 16384K, reserved 1048576K
Event: 46.442 GC heap after
Heap after GC invocations=20 (full 4):
 PSYoungGen      total 564736K, used 97271K [0x00000000d5580000, 0x0000000100000000, 0x0000000100000000)
  eden space 467456K, 0% used [0x00000000d5580000,0x00000000d5580000,0x00000000f1e00000)
  from space 97280K, 99% used [0x00000000fa100000,0x00000000ffffdc00,0x0000000100000000)
  to   space 115712K, 0% used [0x00000000f1e00000,0x00000000f1e00000,0x00000000f8f00000)
 ParOldGen       total 318976K, used 175665K [0x0000000080000000, 0x0000000093780000, 0x00000000d5580000)
  object space 318976K, 55% used [0x0000000080000000,0x000000008ab8c4f8,0x0000000093780000)
 Metaspace       used 114802K, capacity 121036K, committed 121344K, reserved 1155072K
  class space    used 15094K, capacity 16266K, committed 16384K, reserved 1048576K
}
Event: 47.841 GC heap before
{Heap before GC invocations=21 (full 4):
 PSYoungGen      total 564736K, used 564727K [0x00000000d5580000, 0x0000000100000000, 0x0000000100000000)
  eden space 467456K, 100% used [0x00000000d5580000,0x00000000f1e00000,0x00000000f1e00000)
  from space 97280K, 99% used [0x00000000fa100000,0x00000000ffffdc00,0x0000000100000000)
  to   space 115712K, 0% used [0x00000000f1e00000,0x00000000f1e00000,0x00000000f8f00000)
 ParOldGen       total 318976K, used 175665K [0x0000000080000000, 0x0000000093780000, 0x00000000d5580000)
  object space 318976K, 55% used [0x0000000080000000,0x000000008ab8c4f8,0x0000000093780000)
 Metaspace       used 116142K, capacity 122398K, committed 122496K, reserved 1155072K
  class space    used 15260K, capacity 16466K, committed 16512K, reserved 1048576K
Event: 47.923 GC heap after
Heap after GC invocations=21 (full 4):
 PSYoungGen      total 535552K, used 67934K [0x00000000d5580000, 0x0000000100000000, 0x0000000100000000)
  eden space 467456K, 0% used [0x00000000d5580000,0x00000000d5580000,0x00000000f1e00000)
  from space 68096K, 99% used [0x00000000f1e00000,0x00000000f6057970,0x00000000f6080000)
  to   space 117760K, 0% used [0x00000000f8d00000,0x00000000f8d00000,0x0000000100000000)
 ParOldGen       total 318976K, used 239135K [0x0000000080000000, 0x0000000093780000, 0x00000000d5580000)
  object space 318976K, 74% used [0x0000000080000000,0x000000008e987ce0,0x0000000093780000)
 Metaspace       used 116142K, capacity 122398K, committed 122496K, reserved 1155072K
  class space    used 15260K, capacity 16466K, committed 16512K, reserved 1048576K
}
Event: 109.481 GC heap before
{Heap before GC invocations=22 (full 4):
 PSYoungGen      total 535552K, used 535390K [0x00000000d5580000, 0x0000000100000000, 0x0000000100000000)
  eden space 467456K, 100% used [0x00000000d5580000,0x00000000f1e00000,0x00000000f1e00000)
  from space 68096K, 99% used [0x00000000f1e00000,0x00000000f6057970,0x00000000f6080000)
  to   space 117760K, 0% used [0x00000000f8d00000,0x00000000f8d00000,0x0000000100000000)
 ParOldGen       total 318976K, used 239135K [0x0000000080000000, 0x0000000093780000, 0x00000000d5580000)
  object space 318976K, 74% used [0x0000000080000000,0x000000008e987ce0,0x0000000093780000)
 Metaspace       used 119819K, capacity 126290K, committed 126336K, reserved 1159168K
  class space    used 15550K, capacity 16758K, committed 16768K, reserved 1048576K
Event: 109.506 GC heap after
Heap after GC invocations=22 (full 4):
 PSYoungGen      total 567808K, used 81957K [0x00000000d5580000, 0x0000000100000000, 0x0000000100000000)
  eden space 450048K, 0% used [0x00000000d5580000,0x00000000d5580000,0x00000000f0d00000)
  from space 117760K, 69% used [0x00000000f8d00000,0x00000000fdd09470,0x0000000100000000)
  to   space 124416K, 0% used [0x00000000f0d00000,0x00000000f0d00000,0x00000000f8680000)
 ParOldGen       total 318976K, used 239143K [0x0000000080000000, 0x0000000093780000, 0x00000000d5580000)
  object space 318976K, 74% used [0x0000000080000000,0x000000008e989ce0,0x0000000093780000)
 Metaspace       used 119819K, capacity 126290K, committed 126336K, reserved 1159168K
  class space    used 15550K, capacity 16758K, committed 16768K, reserved 1048576K
}
Event: 134.826 GC heap before
{Heap before GC invocations=23 (full 4):
 PSYoungGen      total 567808K, used 532005K [0x00000000d5580000, 0x0000000100000000, 0x0000000100000000)
  eden space 450048K, 100% used [0x00000000d5580000,0x00000000f0d00000,0x00000000f0d00000)
  from space 117760K, 69% used [0x00000000f8d00000,0x00000000fdd09470,0x0000000100000000)
  to   space 124416K, 0% used [0x00000000f0d00000,0x00000000f0d00000,0x00000000f8680000)
 ParOldGen       total 318976K, used 239143K [0x0000000080000000, 0x0000000093780000, 0x00000000d5580000)
  object space 318976K, 74% used [0x0000000080000000,0x000000008e989ce0,0x0000000093780000)
 Metaspace       used 121180K, capacity 128462K, committed 128768K, reserved 1161216K
  class space    used 15689K, capacity 17034K, committed 17152K, reserved 1048576K
Event: 134.852 GC heap after
Heap after GC invocations=23 (full 4):
 PSYoungGen      total 536576K, used 86222K [0x00000000d5580000, 0x0000000100000000, 0x0000000100000000)
  eden space 450048K, 0% used [0x00000000d5580000,0x00000000d5580000,0x00000000f0d00000)
  from space 86528K, 99% used [0x00000000f0d00000,0x00000000f6133830,0x00000000f6180000)
  to   space 130560K, 0% used [0x00000000f8080000,0x00000000f8080000,0x0000000100000000)
 ParOldGen       total 318976K, used 239151K [0x0000000080000000, 0x0000000093780000, 0x00000000d5580000)
  object space 318976K, 74% used [0x0000000080000000,0x000000008e98bce0,0x0000000093780000)
 Metaspace       used 121180K, capacity 128462K, committed 128768K, reserved 1161216K
  class space    used 15689K, capacity 17034K, committed 17152K, reserved 1048576K
}
Event: 154.648 GC heap before
{Heap before GC invocations=24 (full 4):
 PSYoungGen      total 536576K, used 536270K [0x00000000d5580000, 0x0000000100000000, 0x0000000100000000)
  eden space 450048K, 100% used [0x00000000d5580000,0x00000000f0d00000,0x00000000f0d00000)
  from space 86528K, 99% used [0x00000000f0d00000,0x00000000f6133830,0x00000000f6180000)
  to   space 130560K, 0% used [0x00000000f8080000,0x00000000f8080000,0x0000000100000000)
 ParOldGen       total 318976K, used 239151K [0x0000000080000000, 0x0000000093780000, 0x00000000d5580000)
  object space 318976K, 74% used [0x0000000080000000,0x000000008e98bce0,0x0000000093780000)
 Metaspace       used 127185K, capacity 134642K, committed 134912K, reserved 1167360K
  class space    used 16461K, capacity 17820K, committed 17920K, reserved 1048576K
Event: 154.675 GC heap after
Heap after GC invocations=24 (full 4):
 PSYoungGen      total 551936K, used 96209K [0x00000000d5580000, 0x0000000100000000, 0x0000000100000000)
  eden space 421376K, 0% used [0x00000000d5580000,0x00000000d5580000,0x00000000ef100000)
  from space 130560K, 73% used [0x00000000f8080000,0x00000000fde74508,0x0000000100000000)
  to   space 138752K, 0% used [0x00000000ef100000,0x00000000ef100000,0x00000000f7880000)
 ParOldGen       total 318976K, used 239159K [0x0000000080000000, 0x0000000093780000, 0x00000000d5580000)
  object space 318976K, 74% used [0x0000000080000000,0x000000008e98dce0,0x0000000093780000)
 Metaspace       used 127185K, capacity 134642K, committed 134912K, reserved 1167360K
  class space    used 16461K, capacity 17820K, committed 17920K, reserved 1048576K
}

