# JRE version: Java(TM) SE Runtime Environment (8.0_291-b10) (build 1.8.0_291-b10)
# Java VM: Java HotSpot(TM) 64-Bit Server VM (25.291-b10 mixed mode windows-amd64 compressed oops)
Heap:
 PSYoungGen      total 650752K, used 528550K [0x00000000d5580000, 0x0000000100000000, 0x0000000100000000)
  eden space 600576K, 85% used [0x00000000d5580000,0x00000000f4bf47c8,0x00000000fa000000)
  from space 50176K, 27% used [0x00000000fcf00000,0x00000000fdcb5330,0x0000000100000000)
  to   space 48128K, 0% used [0x00000000fa000000,0x00000000fa000000,0x00000000fcf00000)
 ParOldGen       total 358912K, used 101487K [0x0000000080000000, 0x0000000095e80000, 0x00000000d5580000)
  object space 358912K, 28% used [0x0000000080000000,0x000000008631be68,0x0000000095e80000)
 Metaspace       used 108155K, capacity 112205K, committed 112960K, reserved 1146880K
  class space    used 13985K, capacity 14756K, committed 14976K, reserved 1048576K
GC Heap History (10 events):
Event: 90.547 GC heap before
{Heap before GC invocations=30 (full 3):
 PSYoungGen      total 652288K, used 652278K [0x00000000d5580000, 0x0000000100000000, 0x0000000100000000)
  eden space 632320K, 100% used [0x00000000d5580000,0x00000000fbf00000,0x00000000fbf00000)
  from space 19968K, 99% used [0x00000000fec00000,0x00000000fff7d820,0x00000000fff80000)
  to   space 33280K, 0% used [0x00000000fbf00000,0x00000000fbf00000,0x00000000fdf80000)
 ParOldGen       total 213504K, used 62456K [0x0000000080000000, 0x000000008d080000, 0x00000000d5580000)
  object space 213504K, 29% used [0x0000000080000000,0x0000000083cfe1c8,0x000000008d080000)
 Metaspace       used 90378K, capacity 95144K, committed 95448K, reserved 1132544K
  class space    used 12085K, capacity 12971K, committed 13056K, reserved 1048576K
Event: 90.569 GC heap after
Heap after GC invocations=30 (full 3):
 PSYoungGen      total 665600K, used 33268K [0x00000000d5580000, 0x0000000100000000, 0x0000000100000000)
  eden space 632320K, 0% used [0x00000000d5580000,0x00000000d5580000,0x00000000fbf00000)
  from space 33280K, 99% used [0x00000000fbf00000,0x00000000fdf7d100,0x00000000fdf80000)
  to   space 33280K, 0% used [0x00000000fdf80000,0x00000000fdf80000,0x0000000100000000)
 ParOldGen       total 213504K, used 73654K [0x0000000080000000, 0x000000008d080000, 0x00000000d5580000)
  object space 213504K, 34% used [0x0000000080000000,0x00000000847eda08,0x000000008d080000)
 Metaspace       used 90378K, capacity 95144K, committed 95448K, reserved 1132544K
  class space    used 12085K, capacity 12971K, committed 13056K, reserved 1048576K
}
Event: 92.291 GC heap before
{Heap before GC invocations=31 (full 3):
 PSYoungGen      total 665600K, used 436384K [0x00000000d5580000, 0x0000000100000000, 0x0000000100000000)
  eden space 632320K, 63% used [0x00000000d5580000,0x00000000edf2b108,0x00000000fbf00000)
  from space 33280K, 99% used [0x00000000fbf00000,0x00000000fdf7d100,0x00000000fdf80000)
  to   space 33280K, 0% used [0x00000000fdf80000,0x00000000fdf80000,0x0000000100000000)
 ParOldGen       total 213504K, used 73654K [0x0000000080000000, 0x000000008d080000, 0x00000000d5580000)
  object space 213504K, 34% used [0x0000000080000000,0x00000000847eda08,0x000000008d080000)
 Metaspace       used 93605K, capacity 98343K, committed 98496K, reserved 1134592K
  class space    used 12410K, capacity 13312K, committed 13312K, reserved 1048576K
Event: 92.309 GC heap after
Heap after GC invocations=31 (full 3):
 PSYoungGen      total 633856K, used 33274K [0x00000000d5580000, 0x0000000100000000, 0x0000000100000000)
  eden space 600576K, 0% used [0x00000000d5580000,0x00000000d5580000,0x00000000fa000000)
  from space 33280K, 99% used [0x00000000fdf80000,0x00000000ffffebd8,0x0000000100000000)
  to   space 49152K, 0% used [0x00000000fa000000,0x00000000fa000000,0x00000000fd000000)
 ParOldGen       total 213504K, used 80307K [0x0000000080000000, 0x000000008d080000, 0x00000000d5580000)
  object space 213504K, 37% used [0x0000000080000000,0x0000000084e6ccf8,0x000000008d080000)
 Metaspace       used 93605K, capacity 98343K, committed 98496K, reserved 1134592K
  class space    used 12410K, capacity 13312K, committed 13312K, reserved 1048576K
}
Event: 92.309 GC heap before
{Heap before GC invocations=32 (full 4):
 PSYoungGen      total 633856K, used 33274K [0x00000000d5580000, 0x0000000100000000, 0x0000000100000000)
  eden space 600576K, 0% used [0x00000000d5580000,0x00000000d5580000,0x00000000fa000000)
  from space 33280K, 99% used [0x00000000fdf80000,0x00000000ffffebd8,0x0000000100000000)
  to   space 49152K, 0% used [0x00000000fa000000,0x00000000fa000000,0x00000000fd000000)
 ParOldGen       total 213504K, used 80307K [0x0000000080000000, 0x000000008d080000, 0x00000000d5580000)
  object space 213504K, 37% used [0x0000000080000000,0x0000000084e6ccf8,0x000000008d080000)
 Metaspace       used 93605K, capacity 98343K, committed 98496K, reserved 1134592K
  class space    used 12410K, capacity 13312K, committed 13312K, reserved 1048576K
Event: 92.471 GC heap after
Heap after GC invocations=32 (full 4):
 PSYoungGen      total 633856K, used 0K [0x00000000d5580000, 0x0000000100000000, 0x0000000100000000)
  eden space 600576K, 0% used [0x00000000d5580000,0x00000000d5580000,0x00000000fa000000)
  from space 33280K, 0% used [0x00000000fdf80000,0x00000000fdf80000,0x0000000100000000)
  to   space 49152K, 0% used [0x00000000fa000000,0x00000000fa000000,0x00000000fd000000)
 ParOldGen       total 358912K, used 101471K [0x0000000080000000, 0x0000000095e80000, 0x00000000d5580000)
  object space 358912K, 28% used [0x0000000080000000,0x0000000086317e00,0x0000000095e80000)
 Metaspace       used 93049K, capacity 96763K, committed 98496K, reserved 1134592K
  class space    used 12232K, capacity 12960K, committed 13312K, reserved 1048576K
}
Event: 96.201 GC heap before
{Heap before GC invocations=33 (full 4):
 PSYoungGen      total 633856K, used 600576K [0x00000000d5580000, 0x0000000100000000, 0x0000000100000000)
  eden space 600576K, 100% used [0x00000000d5580000,0x00000000fa000000,0x00000000fa000000)
  from space 33280K, 0% used [0x00000000fdf80000,0x00000000fdf80000,0x0000000100000000)
  to   space 49152K, 0% used [0x00000000fa000000,0x00000000fa000000,0x00000000fd000000)
 ParOldGen       total 358912K, used 101471K [0x0000000080000000, 0x0000000095e80000, 0x00000000d5580000)
  object space 358912K, 28% used [0x0000000080000000,0x0000000086317e00,0x0000000095e80000)
 Metaspace       used 104325K, capacity 108283K, committed 109376K, reserved 1144832K
  class space    used 13460K, capacity 14223K, committed 14464K, reserved 1048576K
Event: 96.212 GC heap after
Heap after GC invocations=33 (full 4):
 PSYoungGen      total 629248K, used 28632K [0x00000000d5580000, 0x0000000100000000, 0x0000000100000000)
  eden space 600576K, 0% used [0x00000000d5580000,0x00000000d5580000,0x00000000fa000000)
  from space 28672K, 99% used [0x00000000fa000000,0x00000000fbbf62a8,0x00000000fbc00000)
  to   space 50176K, 0% used [0x00000000fcf00000,0x00000000fcf00000,0x0000000100000000)
 ParOldGen       total 358912K, used 101479K [0x0000000080000000, 0x0000000095e80000, 0x00000000d5580000)
  object space 358912K, 28% used [0x0000000080000000,0x0000000086319e00,0x0000000095e80000)
 Metaspace       used 104325K, capacity 108283K, committed 109376K, reserved 1144832K
  class space    used 13460K, capacity 14223K, committed 14464K, reserved 1048576K
}
Event: 96.439 GC heap before
{Heap before GC invocations=34 (full 4):
 PSYoungGen      total 629248K, used 629208K [0x00000000d5580000, 0x0000000100000000, 0x0000000100000000)
  eden space 600576K, 100% used [0x00000000d5580000,0x00000000fa000000,0x00000000fa000000)
  from space 28672K, 99% used [0x00000000fa000000,0x00000000fbbf62a8,0x00000000fbc00000)
  to   space 50176K, 0% used [0x00000000fcf00000,0x00000000fcf00000,0x0000000100000000)
 ParOldGen       total 358912K, used 101479K [0x0000000080000000, 0x0000000095e80000, 0x00000000d5580000)
  object space 358912K, 28% used [0x0000000080000000,0x0000000086319e68,0x0000000095e80000)
 Metaspace       used 104400K, capacity 108347K, committed 109376K, reserved 1144832K
  class space    used 13460K, capacity 14223K, committed 14464K, reserved 1048576K
Event: 96.445 GC heap after
Heap after GC invocations=34 (full 4):
 PSYoungGen      total 650752K, used 14036K [0x00000000d5580000, 0x0000000100000000, 0x0000000100000000)
  eden space 600576K, 0% used [0x00000000d5580000,0x00000000d5580000,0x00000000fa000000)
  from space 50176K, 27% used [0x00000000fcf00000,0x00000000fdcb5330,0x0000000100000000)
  to   space 48128K, 0% used [0x00000000fa000000,0x00000000fa000000,0x00000000fcf00000)
 ParOldGen       total 358912K, used 101487K [0x0000000080000000, 0x0000000095e80000, 0x00000000d5580000)
  object space 358912K, 28% used [0x0000000080000000,0x000000008631be68,0x0000000095e80000)
 Metaspace       used 104400K, capacity 108347K, committed 109376K, reserved 1144832K
  class space    used 13460K, capacity 14223K, committed 14464K, reserved 1048576K
}

