# JRE version: Java(TM) SE Runtime Environment (8.0_291-b10) (build 1.8.0_291-b10)
# Java VM: Java HotSpot(TM) 64-Bit Server VM (25.291-b10 mixed mode windows-amd64 compressed oops)
Heap:
 PSYoungGen      total 259072K, used 151421K [0x000000076af00000, 0x000000077ef80000, 0x00000007c0000000)
  eden space 199168K, 59% used [0x000000076af00000,0x000000077239b958,0x0000000777180000)
  from space 59904K, 53% used [0x0000000777180000,0x00000007790c3cd0,0x000000077ac00000)
  to   space 51200K, 0% used [0x000000077ac00000,0x000000077ac00000,0x000000077de00000)
 ParOldGen       total 350208K, used 181304K [0x00000006c0c00000, 0x00000006d6200000, 0x000000076af00000)
  object space 350208K, 51% used [0x00000006c0c00000,0x00000006cbd0e150,0x00000006d6200000)
 Metaspace       used 81223K, capacity 83086K, committed 83456K, reserved 1124352K
  class space    used 8977K, capacity 9405K, committed 9472K, reserved 1048576K
GC Heap History (10 events):
Event: 14.021 GC heap before
{Heap before GC invocations=16 (full 3):
 PSYoungGen      total 250368K, used 250338K [0x000000076af00000, 0x000000077ef80000, 0x00000007c0000000)
  eden space 199168K, 100% used [0x000000076af00000,0x0000000777180000,0x0000000777180000)
  from space 51200K, 99% used [0x000000077ac00000,0x000000077ddf89b8,0x000000077de00000)
  to   space 59904K, 0% used [0x0000000777180000,0x0000000777180000,0x000000077ac00000)
 ParOldGen       total 350208K, used 101200K [0x00000006c0c00000, 0x00000006d6200000, 0x000000076af00000)
  object space 350208K, 28% used [0x00000006c0c00000,0x00000006c6ed42f0,0x00000006d6200000)
 Metaspace       used 69963K, capacity 71808K, committed 71936K, reserved 1112064K
  class space    used 7997K, capacity 8404K, committed 8448K, reserved 1048576K
Event: 14.056 GC heap after
Heap after GC invocations=16 (full 3):
 PSYoungGen      total 259072K, used 59898K [0x000000076af00000, 0x000000077ef80000, 0x00000007c0000000)
  eden space 199168K, 0% used [0x000000076af00000,0x000000076af00000,0x0000000777180000)
  from space 59904K, 99% used [0x0000000777180000,0x000000077abfe8a0,0x000000077ac00000)
  to   space 51200K, 0% used [0x000000077ac00000,0x000000077ac00000,0x000000077de00000)
 ParOldGen       total 350208K, used 105362K [0x00000006c0c00000, 0x00000006d6200000, 0x000000076af00000)
  object space 350208K, 30% used [0x00000006c0c00000,0x00000006c72e4a20,0x00000006d6200000)
 Metaspace       used 69963K, capacity 71808K, committed 71936K, reserved 1112064K
  class space    used 7997K, capacity 8404K, committed 8448K, reserved 1048576K
}
Event: 14.997 GC heap before
{Heap before GC invocations=17 (full 3):
 PSYoungGen      total 259072K, used 259066K [0x000000076af00000, 0x000000077ef80000, 0x00000007c0000000)
  eden space 199168K, 100% used [0x000000076af00000,0x0000000777180000,0x0000000777180000)
  from space 59904K, 99% used [0x0000000777180000,0x000000077abfe8a0,0x000000077ac00000)
  to   space 51200K, 0% used [0x000000077ac00000,0x000000077ac00000,0x000000077de00000)
 ParOldGen       total 350208K, used 105362K [0x00000006c0c00000, 0x00000006d6200000, 0x000000076af00000)
  object space 350208K, 30% used [0x00000006c0c00000,0x00000006c72e4a20,0x00000006d6200000)
 Metaspace       used 71259K, capacity 73120K, committed 73344K, reserved 1114112K
  class space    used 8082K, capacity 8500K, committed 8576K, reserved 1048576K
Event: 15.043 GC heap after
Heap after GC invocations=17 (full 3):
 PSYoungGen      total 250368K, used 51186K [0x000000076af00000, 0x000000077ef80000, 0x00000007c0000000)
  eden space 199168K, 0% used [0x000000076af00000,0x000000076af00000,0x0000000777180000)
  from space 51200K, 99% used [0x000000077ac00000,0x000000077ddfcb88,0x000000077de00000)
  to   space 59904K, 0% used [0x0000000777180000,0x0000000777180000,0x000000077ac00000)
 ParOldGen       total 350208K, used 128998K [0x00000006c0c00000, 0x00000006d6200000, 0x000000076af00000)
  object space 350208K, 36% used [0x00000006c0c00000,0x00000006c89f9b70,0x00000006d6200000)
 Metaspace       used 71259K, capacity 73120K, committed 73344K, reserved 1114112K
  class space    used 8082K, capacity 8500K, committed 8576K, reserved 1048576K
}
Event: 15.798 GC heap before
{Heap before GC invocations=18 (full 3):
 PSYoungGen      total 250368K, used 250354K [0x000000076af00000, 0x000000077ef80000, 0x00000007c0000000)
  eden space 199168K, 100% used [0x000000076af00000,0x0000000777180000,0x0000000777180000)
  from space 51200K, 99% used [0x000000077ac00000,0x000000077ddfcb88,0x000000077de00000)
  to   space 59904K, 0% used [0x0000000777180000,0x0000000777180000,0x000000077ac00000)
 ParOldGen       total 350208K, used 128998K [0x00000006c0c00000, 0x00000006d6200000, 0x000000076af00000)
  object space 350208K, 36% used [0x00000006c0c00000,0x00000006c89f9b70,0x00000006d6200000)
 Metaspace       used 71687K, capacity 73504K, committed 73856K, reserved 1114112K
  class space    used 8106K, capacity 8500K, committed 8576K, reserved 1048576K
Event: 15.829 GC heap after
Heap after GC invocations=18 (full 3):
 PSYoungGen      total 259072K, used 35938K [0x000000076af00000, 0x000000077ef80000, 0x00000007c0000000)
  eden space 199168K, 0% used [0x000000076af00000,0x000000076af00000,0x0000000777180000)
  from space 59904K, 59% used [0x0000000777180000,0x0000000779498988,0x000000077ac00000)
  to   space 51200K, 0% used [0x000000077ac00000,0x000000077ac00000,0x000000077de00000)
 ParOldGen       total 350208K, used 158753K [0x00000006c0c00000, 0x00000006d6200000, 0x000000076af00000)
  object space 350208K, 45% used [0x00000006c0c00000,0x00000006ca708508,0x00000006d6200000)
 Metaspace       used 71687K, capacity 73504K, committed 73856K, reserved 1114112K
  class space    used 8106K, capacity 8500K, committed 8576K, reserved 1048576K
}
Event: 17.002 GC heap before
{Heap before GC invocations=19 (full 3):
 PSYoungGen      total 259072K, used 235106K [0x000000076af00000, 0x000000077ef80000, 0x00000007c0000000)
  eden space 199168K, 100% used [0x000000076af00000,0x0000000777180000,0x0000000777180000)
  from space 59904K, 59% used [0x0000000777180000,0x0000000779498988,0x000000077ac00000)
  to   space 51200K, 0% used [0x000000077ac00000,0x000000077ac00000,0x000000077de00000)
 ParOldGen       total 350208K, used 158753K [0x00000006c0c00000, 0x00000006d6200000, 0x000000076af00000)
  object space 350208K, 45% used [0x00000006c0c00000,0x00000006ca708508,0x00000006d6200000)
 Metaspace       used 78959K, capacity 80828K, committed 81280K, reserved 1122304K
  class space    used 8855K, capacity 9276K, committed 9344K, reserved 1048576K
Event: 17.020 GC heap after
Heap after GC invocations=19 (full 3):
 PSYoungGen      total 250368K, used 51190K [0x000000076af00000, 0x000000077ef80000, 0x00000007c0000000)
  eden space 199168K, 0% used [0x000000076af00000,0x000000076af00000,0x0000000777180000)
  from space 51200K, 99% used [0x000000077ac00000,0x000000077ddfd8f0,0x000000077de00000)
  to   space 59904K, 0% used [0x0000000777180000,0x0000000777180000,0x000000077ac00000)
 ParOldGen       total 350208K, used 160667K [0x00000006c0c00000, 0x00000006d6200000, 0x000000076af00000)
  object space 350208K, 45% used [0x00000006c0c00000,0x00000006ca8e6de8,0x00000006d6200000)
 Metaspace       used 78959K, capacity 80828K, committed 81280K, reserved 1122304K
  class space    used 8855K, capacity 9276K, committed 9344K, reserved 1048576K
}
Event: 17.820 GC heap before
{Heap before GC invocations=20 (full 3):
 PSYoungGen      total 250368K, used 250358K [0x000000076af00000, 0x000000077ef80000, 0x00000007c0000000)
  eden space 199168K, 100% used [0x000000076af00000,0x0000000777180000,0x0000000777180000)
  from space 51200K, 99% used [0x000000077ac00000,0x000000077ddfd8f0,0x000000077de00000)
  to   space 59904K, 0% used [0x0000000777180000,0x0000000777180000,0x000000077ac00000)
 ParOldGen       total 350208K, used 160667K [0x00000006c0c00000, 0x00000006d6200000, 0x000000076af00000)
  object space 350208K, 45% used [0x00000006c0c00000,0x00000006ca8e6de8,0x00000006d6200000)
 Metaspace       used 80249K, capacity 82182K, committed 82560K, reserved 1122304K
  class space    used 8922K, capacity 9341K, committed 9344K, reserved 1048576K
Event: 17.840 GC heap after
Heap after GC invocations=20 (full 3):
 PSYoungGen      total 259072K, used 32015K [0x000000076af00000, 0x000000077ef80000, 0x00000007c0000000)
  eden space 199168K, 0% used [0x000000076af00000,0x000000076af00000,0x0000000777180000)
  from space 59904K, 53% used [0x0000000777180000,0x00000007790c3cd0,0x000000077ac00000)
  to   space 51200K, 0% used [0x000000077ac00000,0x000000077ac00000,0x000000077de00000)
 ParOldGen       total 350208K, used 181304K [0x00000006c0c00000, 0x00000006d6200000, 0x000000076af00000)
  object space 350208K, 51% used [0x00000006c0c00000,0x00000006cbd0e150,0x00000006d6200000)
 Metaspace       used 80249K, capacity 82182K, committed 82560K, reserved 1122304K
  class space    used 8922K, capacity 9341K, committed 9344K, reserved 1048576K
}

