# JRE version: Java(TM) SE Runtime Environment (8.0_291-b10) (build 1.8.0_291-b10)
# Java VM: Java HotSpot(TM) 64-Bit Server VM (25.291-b10 mixed mode windows-amd64 compressed oops)
Heap:
 PSYoungGen      total 368128K, used 234343K [0x00000000d5580000, 0x00000000f2e80000, 0x0000000100000000)
  eden space 297472K, 75% used [0x00000000d5580000,0x00000000e315ddd0,0x00000000e7800000)
  from space 70656K, 13% used [0x00000000ee980000,0x00000000ef27c0a0,0x00000000f2e80000)
  to   space 69120K, 0% used [0x00000000e7800000,0x00000000e7800000,0x00000000ebb80000)
 ParOldGen       total 352256K, used 243582K [0x0000000080000000, 0x0000000095800000, 0x00000000d5580000)
  object space 352256K, 69% used [0x0000000080000000,0x000000008eddfb18,0x0000000095800000)
 Metaspace       used 132268K, capacity 140318K, committed 140416K, reserved 1171456K
  class space    used 17472K, capacity 19025K, committed 19072K, reserved 1048576K
GC Heap History (10 events):
Event: 1372.963 GC heap before
{Heap before GC invocations=26 (full 4):
 PSYoungGen      total 321536K, used 299505K [0x00000000d5580000, 0x00000000f0800000, 0x0000000100000000)
  eden space 253952K, 100% used [0x00000000d5580000,0x00000000e4d80000,0x00000000e4d80000)
  from space 67584K, 67% used [0x00000000e4d80000,0x00000000e79fc548,0x00000000e8f80000)
  to   space 70144K, 0% used [0x00000000ec380000,0x00000000ec380000,0x00000000f0800000)
 ParOldGen       total 352256K, used 168230K [0x0000000080000000, 0x0000000095800000, 0x00000000d5580000)
  object space 352256K, 47% used [0x0000000080000000,0x000000008a449930,0x0000000095800000)
 Metaspace       used 117908K, capacity 122504K, committed 122624K, reserved 1155072K
  class space    used 15160K, capacity 16078K, committed 16128K, reserved 1048576K
Event: 1372.992 GC heap after
Heap after GC invocations=26 (full 4):
 PSYoungGen      total 358400K, used 38506K [0x00000000d5580000, 0x00000000eff00000, 0x0000000100000000)
  eden space 297472K, 0% used [0x00000000d5580000,0x00000000d5580000,0x00000000e7800000)
  from space 60928K, 63% used [0x00000000ec380000,0x00000000ee91a830,0x00000000eff00000)
  to   space 69120K, 0% used [0x00000000e7800000,0x00000000e7800000,0x00000000ebb80000)
 ParOldGen       total 352256K, used 189489K [0x0000000080000000, 0x0000000095800000, 0x00000000d5580000)
  object space 352256K, 53% used [0x0000000080000000,0x000000008b90c708,0x0000000095800000)
 Metaspace       used 117908K, capacity 122504K, committed 122624K, reserved 1155072K
  class space    used 15160K, capacity 16078K, committed 16128K, reserved 1048576K
}
Event: 1376.065 GC heap before
{Heap before GC invocations=27 (full 4):
 PSYoungGen      total 358400K, used 335978K [0x00000000d5580000, 0x00000000eff00000, 0x0000000100000000)
  eden space 297472K, 100% used [0x00000000d5580000,0x00000000e7800000,0x00000000e7800000)
  from space 60928K, 63% used [0x00000000ec380000,0x00000000ee91a830,0x00000000eff00000)
  to   space 69120K, 0% used [0x00000000e7800000,0x00000000e7800000,0x00000000ebb80000)
 ParOldGen       total 352256K, used 189489K [0x0000000080000000, 0x0000000095800000, 0x00000000d5580000)
  object space 352256K, 53% used [0x0000000080000000,0x000000008b90c708,0x0000000095800000)
 Metaspace       used 121066K, capacity 125766K, committed 126080K, reserved 1159168K
  class space    used 15488K, capacity 16407K, committed 16512K, reserved 1048576K
Event: 1376.082 GC heap after
Heap after GC invocations=27 (full 4):
 PSYoungGen      total 366592K, used 45743K [0x00000000d5580000, 0x00000000f2e80000, 0x0000000100000000)
  eden space 297472K, 0% used [0x00000000d5580000,0x00000000d5580000,0x00000000e7800000)
  from space 69120K, 66% used [0x00000000e7800000,0x00000000ea4abff0,0x00000000ebb80000)
  to   space 70656K, 0% used [0x00000000ee980000,0x00000000ee980000,0x00000000f2e80000)
 ParOldGen       total 352256K, used 189497K [0x0000000080000000, 0x0000000095800000, 0x00000000d5580000)
  object space 352256K, 53% used [0x0000000080000000,0x000000008b90e708,0x0000000095800000)
 Metaspace       used 121066K, capacity 125766K, committed 126080K, reserved 1159168K
  class space    used 15488K, capacity 16407K, committed 16512K, reserved 1048576K
}
Event: 1376.935 GC heap before
{Heap before GC invocations=28 (full 4):
 PSYoungGen      total 366592K, used 343215K [0x00000000d5580000, 0x00000000f2e80000, 0x0000000100000000)
  eden space 297472K, 100% used [0x00000000d5580000,0x00000000e7800000,0x00000000e7800000)
  from space 69120K, 66% used [0x00000000e7800000,0x00000000ea4abff0,0x00000000ebb80000)
  to   space 70656K, 0% used [0x00000000ee980000,0x00000000ee980000,0x00000000f2e80000)
 ParOldGen       total 352256K, used 189497K [0x0000000080000000, 0x0000000095800000, 0x00000000d5580000)
  object space 352256K, 53% used [0x0000000080000000,0x000000008b90e708,0x0000000095800000)
 Metaspace       used 131017K, capacity 138710K, committed 139008K, reserved 1169408K
  class space    used 17348K, capacity 18881K, committed 18944K, reserved 1048576K
Event: 1376.982 GC heap after
Heap after GC invocations=28 (full 4):
 PSYoungGen      total 368128K, used 70653K [0x00000000d5580000, 0x00000000f2e80000, 0x0000000100000000)
  eden space 297472K, 0% used [0x00000000d5580000,0x00000000d5580000,0x00000000e7800000)
  from space 70656K, 99% used [0x00000000ee980000,0x00000000f2e7f478,0x00000000f2e80000)
  to   space 69120K, 0% used [0x00000000e7800000,0x00000000e7800000,0x00000000ebb80000)
 ParOldGen       total 352256K, used 194007K [0x0000000080000000, 0x0000000095800000, 0x00000000d5580000)
  object space 352256K, 55% used [0x0000000080000000,0x000000008bd75d00,0x0000000095800000)
 Metaspace       used 131017K, capacity 138710K, committed 139008K, reserved 1169408K
  class space    used 17348K, capacity 18881K, committed 18944K, reserved 1048576K
}
Event: 1377.423 GC heap before
{Heap before GC invocations=29 (full 4):
 PSYoungGen      total 368128K, used 368125K [0x00000000d5580000, 0x00000000f2e80000, 0x0000000100000000)
  eden space 297472K, 100% used [0x00000000d5580000,0x00000000e7800000,0x00000000e7800000)
  from space 70656K, 99% used [0x00000000ee980000,0x00000000f2e7f478,0x00000000f2e80000)
  to   space 69120K, 0% used [0x00000000e7800000,0x00000000e7800000,0x00000000ebb80000)
 ParOldGen       total 352256K, used 194007K [0x0000000080000000, 0x0000000095800000, 0x00000000d5580000)
  object space 352256K, 55% used [0x0000000080000000,0x000000008bd75d00,0x0000000095800000)
 Metaspace       used 131684K, capacity 139622K, committed 139904K, reserved 1169408K
  class space    used 17425K, capacity 18979K, committed 19072K, reserved 1048576K
Event: 1377.533 GC heap after
Heap after GC invocations=29 (full 4):
 PSYoungGen      total 366592K, used 23915K [0x00000000d5580000, 0x00000000f2e80000, 0x0000000100000000)
  eden space 297472K, 0% used [0x00000000d5580000,0x00000000d5580000,0x00000000e7800000)
  from space 69120K, 34% used [0x00000000e7800000,0x00000000e8f5af78,0x00000000ebb80000)
  to   space 70656K, 0% used [0x00000000ee980000,0x00000000ee980000,0x00000000f2e80000)
 ParOldGen       total 352256K, used 227590K [0x0000000080000000, 0x0000000095800000, 0x00000000d5580000)
  object space 352256K, 64% used [0x0000000080000000,0x000000008de41b38,0x0000000095800000)
 Metaspace       used 131684K, capacity 139622K, committed 139904K, reserved 1169408K
  class space    used 17425K, capacity 18979K, committed 19072K, reserved 1048576K
}
Event: 1377.793 GC heap before
{Heap before GC invocations=30 (full 4):
 PSYoungGen      total 366592K, used 321387K [0x00000000d5580000, 0x00000000f2e80000, 0x0000000100000000)
  eden space 297472K, 100% used [0x00000000d5580000,0x00000000e7800000,0x00000000e7800000)
  from space 69120K, 34% used [0x00000000e7800000,0x00000000e8f5af78,0x00000000ebb80000)
  to   space 70656K, 0% used [0x00000000ee980000,0x00000000ee980000,0x00000000f2e80000)
 ParOldGen       total 352256K, used 227590K [0x0000000080000000, 0x0000000095800000, 0x00000000d5580000)
  object space 352256K, 64% used [0x0000000080000000,0x000000008de41b38,0x0000000095800000)
 Metaspace       used 132116K, capacity 140138K, committed 140416K, reserved 1171456K
  class space    used 17471K, capacity 19023K, committed 19072K, reserved 1048576K
Event: 1377.891 GC heap after
Heap after GC invocations=30 (full 4):
 PSYoungGen      total 368128K, used 9200K [0x00000000d5580000, 0x00000000f2e80000, 0x0000000100000000)
  eden space 297472K, 0% used [0x00000000d5580000,0x00000000d5580000,0x00000000e7800000)
  from space 70656K, 13% used [0x00000000ee980000,0x00000000ef27c0a0,0x00000000f2e80000)
  to   space 69120K, 0% used [0x00000000e7800000,0x00000000e7800000,0x00000000ebb80000)
 ParOldGen       total 352256K, used 243582K [0x0000000080000000, 0x0000000095800000, 0x00000000d5580000)
  object space 352256K, 69% used [0x0000000080000000,0x000000008eddfb18,0x0000000095800000)
 Metaspace       used 132116K, capacity 140138K, committed 140416K, reserved 1171456K
  class space    used 17471K, capacity 19023K, committed 19072K, reserved 1048576K
}

