# JRE version: Java(TM) SE Runtime Environment (8.0_291-b10) (build 1.8.0_291-b10)
# Java VM: Java HotSpot(TM) 64-Bit Server VM (25.291-b10 mixed mode windows-amd64 compressed oops)
Heap:
 PSYoungGen      total 501248K, used 179790K [0x00000000d5580000, 0x0000000100000000, 0x0000000100000000)
  eden space 393728K, 18% used [0x00000000d5580000,0x00000000d9c16940,0x00000000ed600000)
  from space 107520K, 99% used [0x00000000f9700000,0x00000000ffffcfc8,0x0000000100000000)
  to   space 152576K, 0% used [0x00000000ed600000,0x00000000ed600000,0x00000000f6b00000)
 ParOldGen       total 346112K, used 162039K [0x0000000080000000, 0x0000000095200000, 0x00000000d5580000)
  object space 346112K, 46% used [0x0000000080000000,0x0000000089e3df88,0x0000000095200000)
 Metaspace       used 157916K, capacity 166816K, committed 167040K, reserved 1193984K
  class space    used 20174K, capacity 21877K, committed 21888K, reserved 1048576K
GC Heap History (10 events):
Event: 860.460 GC heap before
{Heap before GC invocations=36 (full 6):
 PSYoungGen      total 551936K, used 493317K [0x00000000d5580000, 0x00000000ff680000, 0x0000000100000000)
  eden space 473088K, 100% used [0x00000000d5580000,0x00000000f2380000,0x00000000f2380000)
  from space 78848K, 25% used [0x00000000f2380000,0x00000000f3741640,0x00000000f7080000)
  to   space 76800K, 0% used [0x00000000fab80000,0x00000000fab80000,0x00000000ff680000)
 ParOldGen       total 346112K, used 101410K [0x0000000080000000, 0x0000000095200000, 0x00000000d5580000)
  object space 346112K, 29% used [0x0000000080000000,0x0000000086308b30,0x0000000095200000)
 Metaspace       used 138091K, capacity 146212K, committed 146432K, reserved 1175552K
  class space    used 17896K, capacity 19431K, committed 19456K, reserved 1048576K
Event: 860.483 GC heap after
Heap after GC invocations=36 (full 6):
 PSYoungGen      total 607232K, used 53286K [0x00000000d5580000, 0x00000000ff780000, 0x0000000100000000)
  eden space 530432K, 0% used [0x00000000d5580000,0x00000000d5580000,0x00000000f5b80000)
  from space 76800K, 69% used [0x00000000fab80000,0x00000000fdf89a98,0x00000000ff680000)
  to   space 79872K, 0% used [0x00000000f5b80000,0x00000000f5b80000,0x00000000fa980000)
 ParOldGen       total 346112K, used 101418K [0x0000000080000000, 0x0000000095200000, 0x00000000d5580000)
  object space 346112K, 29% used [0x0000000080000000,0x000000008630ab30,0x0000000095200000)
 Metaspace       used 138091K, capacity 146212K, committed 146432K, reserved 1175552K
  class space    used 17896K, capacity 19431K, committed 19456K, reserved 1048576K
}
Event: 861.725 GC heap before
{Heap before GC invocations=37 (full 6):
 PSYoungGen      total 607232K, used 583718K [0x00000000d5580000, 0x00000000ff780000, 0x0000000100000000)
  eden space 530432K, 100% used [0x00000000d5580000,0x00000000f5b80000,0x00000000f5b80000)
  from space 76800K, 69% used [0x00000000fab80000,0x00000000fdf89a98,0x00000000ff680000)
  to   space 79872K, 0% used [0x00000000f5b80000,0x00000000f5b80000,0x00000000fa980000)
 ParOldGen       total 346112K, used 101418K [0x0000000080000000, 0x0000000095200000, 0x00000000d5580000)
  object space 346112K, 29% used [0x0000000080000000,0x000000008630ab30,0x0000000095200000)
 Metaspace       used 147240K, capacity 155340K, committed 155520K, reserved 1183744K
  class space    used 18949K, capacity 20489K, committed 20608K, reserved 1048576K
Event: 861.758 GC heap after
Heap after GC invocations=37 (full 6):
 PSYoungGen      total 610304K, used 79841K [0x00000000d5580000, 0x0000000100000000, 0x0000000100000000)
  eden space 530432K, 0% used [0x00000000d5580000,0x00000000d5580000,0x00000000f5b80000)
  from space 79872K, 99% used [0x00000000f5b80000,0x00000000fa978518,0x00000000fa980000)
  to   space 88576K, 0% used [0x00000000fa980000,0x00000000fa980000,0x0000000100000000)
 ParOldGen       total 346112K, used 118378K [0x0000000080000000, 0x0000000095200000, 0x00000000d5580000)
  object space 346112K, 34% used [0x0000000080000000,0x000000008739ab78,0x0000000095200000)
 Metaspace       used 147240K, capacity 155340K, committed 155520K, reserved 1183744K
  class space    used 18949K, capacity 20489K, committed 20608K, reserved 1048576K
}
Event: 1417.677 GC heap before
{Heap before GC invocations=38 (full 6):
 PSYoungGen      total 610304K, used 610273K [0x00000000d5580000, 0x0000000100000000, 0x0000000100000000)
  eden space 530432K, 100% used [0x00000000d5580000,0x00000000f5b80000,0x00000000f5b80000)
  from space 79872K, 99% used [0x00000000f5b80000,0x00000000fa978518,0x00000000fa980000)
  to   space 88576K, 0% used [0x00000000fa980000,0x00000000fa980000,0x0000000100000000)
 ParOldGen       total 346112K, used 118378K [0x0000000080000000, 0x0000000095200000, 0x00000000d5580000)
  object space 346112K, 34% used [0x0000000080000000,0x000000008739ab78,0x0000000095200000)
 Metaspace       used 147779K, capacity 156218K, committed 156416K, reserved 1185792K
  class space    used 19018K, capacity 20644K, committed 20736K, reserved 1048576K
Event: 1417.707 GC heap after
Heap after GC invocations=38 (full 6):
 PSYoungGen      total 572416K, used 80724K [0x00000000d5580000, 0x0000000100000000, 0x0000000100000000)
  eden space 483840K, 0% used [0x00000000d5580000,0x00000000d5580000,0x00000000f2e00000)
  from space 88576K, 91% used [0x00000000fa980000,0x00000000ff8551e0,0x0000000100000000)
  to   space 107520K, 0% used [0x00000000f2e00000,0x00000000f2e00000,0x00000000f9700000)
 ParOldGen       total 346112K, used 118386K [0x0000000080000000, 0x0000000095200000, 0x00000000d5580000)
  object space 346112K, 34% used [0x0000000080000000,0x000000008739cb78,0x0000000095200000)
 Metaspace       used 147779K, capacity 156218K, committed 156416K, reserved 1185792K
  class space    used 19018K, capacity 20644K, committed 20736K, reserved 1048576K
}
Event: 1419.033 GC heap before
{Heap before GC invocations=39 (full 6):
 PSYoungGen      total 572416K, used 564564K [0x00000000d5580000, 0x0000000100000000, 0x0000000100000000)
  eden space 483840K, 100% used [0x00000000d5580000,0x00000000f2e00000,0x00000000f2e00000)
  from space 88576K, 91% used [0x00000000fa980000,0x00000000ff8551e0,0x0000000100000000)
  to   space 107520K, 0% used [0x00000000f2e00000,0x00000000f2e00000,0x00000000f9700000)
 ParOldGen       total 346112K, used 118386K [0x0000000080000000, 0x0000000095200000, 0x00000000d5580000)
  object space 346112K, 34% used [0x0000000080000000,0x000000008739cb78,0x0000000095200000)
 Metaspace       used 157184K, capacity 165714K, committed 165888K, reserved 1193984K
  class space    used 20093K, capacity 21742K, committed 21760K, reserved 1048576K
Event: 1419.071 GC heap after
Heap after GC invocations=39 (full 6):
 PSYoungGen      total 591360K, used 107488K [0x00000000d5580000, 0x0000000100000000, 0x0000000100000000)
  eden space 483840K, 0% used [0x00000000d5580000,0x00000000d5580000,0x00000000f2e00000)
  from space 107520K, 99% used [0x00000000f2e00000,0x00000000f96f8368,0x00000000f9700000)
  to   space 107520K, 0% used [0x00000000f9700000,0x00000000f9700000,0x0000000100000000)
 ParOldGen       total 346112K, used 139132K [0x0000000080000000, 0x0000000095200000, 0x00000000d5580000)
  object space 346112K, 40% used [0x0000000080000000,0x00000000887df2f8,0x0000000095200000)
 Metaspace       used 157184K, capacity 165714K, committed 165888K, reserved 1193984K
  class space    used 20093K, capacity 21742K, committed 21760K, reserved 1048576K
}
Event: 1443.998 GC heap before
{Heap before GC invocations=40 (full 6):
 PSYoungGen      total 591360K, used 591328K [0x00000000d5580000, 0x0000000100000000, 0x0000000100000000)
  eden space 483840K, 100% used [0x00000000d5580000,0x00000000f2e00000,0x00000000f2e00000)
  from space 107520K, 99% used [0x00000000f2e00000,0x00000000f96f8368,0x00000000f9700000)
  to   space 107520K, 0% used [0x00000000f9700000,0x00000000f9700000,0x0000000100000000)
 ParOldGen       total 346112K, used 139132K [0x0000000080000000, 0x0000000095200000, 0x00000000d5580000)
  object space 346112K, 40% used [0x0000000080000000,0x00000000887df2f8,0x0000000095200000)
 Metaspace       used 157781K, capacity 166584K, committed 166784K, reserved 1193984K
  class space    used 20157K, capacity 21849K, committed 21888K, reserved 1048576K
Event: 1444.040 GC heap after
Heap after GC invocations=40 (full 6):
 PSYoungGen      total 501248K, used 107507K [0x00000000d5580000, 0x0000000100000000, 0x0000000100000000)
  eden space 393728K, 0% used [0x00000000d5580000,0x00000000d5580000,0x00000000ed600000)
  from space 107520K, 99% used [0x00000000f9700000,0x00000000ffffcfc8,0x0000000100000000)
  to   space 152576K, 0% used [0x00000000ed600000,0x00000000ed600000,0x00000000f6b00000)
 ParOldGen       total 346112K, used 162039K [0x0000000080000000, 0x0000000095200000, 0x00000000d5580000)
  object space 346112K, 46% used [0x0000000080000000,0x0000000089e3df88,0x0000000095200000)
 Metaspace       used 157781K, capacity 166584K, committed 166784K, reserved 1193984K
  class space    used 20157K, capacity 21849K, committed 21888K, reserved 1048576K
}

