# JRE version: Java(TM) SE Runtime Environment (8.0_291-b10) (build 1.8.0_291-b10)
# Java VM: Java HotSpot(TM) 64-Bit Server VM (25.291-b10 mixed mode windows-amd64 compressed oops)
Heap:
 PSYoungGen      total 242176K, used 60819K [0x000000076af00000, 0x000000077e300000, 0x00000007c0000000)
  eden space 194048K, 15% used [0x000000076af00000,0x000000076cceb2e0,0x0000000776c80000)
  from space 48128K, 62% used [0x0000000779a00000,0x000000077b7799b8,0x000000077c900000)
  to   space 46592K, 0% used [0x0000000776c80000,0x0000000776c80000,0x0000000779a00000)
 ParOldGen       total 251392K, used 97970K [0x00000006c0c00000, 0x00000006d0180000, 0x000000076af00000)
  object space 251392K, 38% used [0x00000006c0c00000,0x00000006c6bacbd8,0x00000006d0180000)
 Metaspace       used 55779K, capacity 57028K, committed 57344K, reserved 1099776K
  class space    used 6755K, capacity 7070K, committed 7168K, reserved 1048576K
GC Heap History (10 events):
Event: 2.079 GC heap before
{Heap before GC invocations=4 (full 1):
 PSYoungGen      total 141824K, used 109210K [0x000000076af00000, 0x0000000774400000, 0x00000007c0000000)
  eden space 131072K, 83% used [0x000000076af00000,0x00000007719a6918,0x0000000772f00000)
  from space 10752K, 0% used [0x0000000773980000,0x0000000773980000,0x0000000774400000)
  to   space 10752K, 0% used [0x0000000772f00000,0x0000000772f00000,0x0000000773980000)
 ParOldGen       total 146944K, used 24135K [0x00000006c0c00000, 0x00000006c9b80000, 0x000000076af00000)
  object space 146944K, 16% used [0x00000006c0c00000,0x00000006c2391d48,0x00000006c9b80000)
 Metaspace       used 34615K, capacity 35202K, committed 35416K, reserved 1081344K
  class space    used 4418K, capacity 4605K, committed 4608K, reserved 1048576K
Event: 2.096 GC heap after
Heap after GC invocations=4 (full 1):
 PSYoungGen      total 141824K, used 10742K [0x000000076af00000, 0x0000000777380000, 0x00000007c0000000)
  eden space 131072K, 0% used [0x000000076af00000,0x000000076af00000,0x0000000772f00000)
  from space 10752K, 99% used [0x0000000772f00000,0x000000077397d928,0x0000000773980000)
  to   space 10752K, 0% used [0x0000000776900000,0x0000000776900000,0x0000000777380000)
 ParOldGen       total 146944K, used 38121K [0x00000006c0c00000, 0x00000006c9b80000, 0x000000076af00000)
  object space 146944K, 25% used [0x00000006c0c00000,0x00000006c313a620,0x00000006c9b80000)
 Metaspace       used 34615K, capacity 35202K, committed 35416K, reserved 1081344K
  class space    used 4418K, capacity 4605K, committed 4608K, reserved 1048576K
}
Event: 2.096 GC heap before
{Heap before GC invocations=5 (full 2):
 PSYoungGen      total 141824K, used 10742K [0x000000076af00000, 0x0000000777380000, 0x00000007c0000000)
  eden space 131072K, 0% used [0x000000076af00000,0x000000076af00000,0x0000000772f00000)
  from space 10752K, 99% used [0x0000000772f00000,0x000000077397d928,0x0000000773980000)
  to   space 10752K, 0% used [0x0000000776900000,0x0000000776900000,0x0000000777380000)
 ParOldGen       total 146944K, used 38121K [0x00000006c0c00000, 0x00000006c9b80000, 0x000000076af00000)
  object space 146944K, 25% used [0x00000006c0c00000,0x00000006c313a620,0x00000006c9b80000)
 Metaspace       used 34615K, capacity 35202K, committed 35416K, reserved 1081344K
  class space    used 4418K, capacity 4605K, committed 4608K, reserved 1048576K
Event: 2.189 GC heap after
Heap after GC invocations=5 (full 2):
 PSYoungGen      total 141824K, used 0K [0x000000076af00000, 0x0000000777380000, 0x00000007c0000000)
  eden space 131072K, 0% used [0x000000076af00000,0x000000076af00000,0x0000000772f00000)
  from space 10752K, 0% used [0x0000000772f00000,0x0000000772f00000,0x0000000773980000)
  to   space 10752K, 0% used [0x0000000776900000,0x0000000776900000,0x0000000777380000)
 ParOldGen       total 251392K, used 44010K [0x00000006c0c00000, 0x00000006d0180000, 0x000000076af00000)
  object space 251392K, 17% used [0x00000006c0c00000,0x00000006c36fa888,0x00000006d0180000)
 Metaspace       used 34615K, capacity 35202K, committed 35416K, reserved 1081344K
  class space    used 4418K, capacity 4605K, committed 4608K, reserved 1048576K
}
Event: 4.039 GC heap before
{Heap before GC invocations=6 (full 2):
 PSYoungGen      total 141824K, used 131072K [0x000000076af00000, 0x0000000777380000, 0x00000007c0000000)
  eden space 131072K, 100% used [0x000000076af00000,0x0000000772f00000,0x0000000772f00000)
  from space 10752K, 0% used [0x0000000772f00000,0x0000000772f00000,0x0000000773980000)
  to   space 10752K, 0% used [0x0000000776900000,0x0000000776900000,0x0000000777380000)
 ParOldGen       total 251392K, used 44010K [0x00000006c0c00000, 0x00000006d0180000, 0x000000076af00000)
  object space 251392K, 17% used [0x00000006c0c00000,0x00000006c36fa888,0x00000006d0180000)
 Metaspace       used 45450K, capacity 46296K, committed 46592K, reserved 1089536K
  class space    used 5538K, capacity 5804K, committed 5888K, reserved 1048576K
Event: 4.057 GC heap after
Heap after GC invocations=6 (full 2):
 PSYoungGen      total 170496K, used 10721K [0x000000076af00000, 0x0000000777380000, 0x00000007c0000000)
  eden space 159744K, 0% used [0x000000076af00000,0x000000076af00000,0x0000000774b00000)
  from space 10752K, 99% used [0x0000000776900000,0x00000007773784e8,0x0000000777380000)
  to   space 10752K, 0% used [0x0000000775e80000,0x0000000775e80000,0x0000000776900000)
 ParOldGen       total 251392K, used 60612K [0x00000006c0c00000, 0x00000006d0180000, 0x000000076af00000)
  object space 251392K, 24% used [0x00000006c0c00000,0x00000006c4731390,0x00000006d0180000)
 Metaspace       used 45450K, capacity 46296K, committed 46592K, reserved 1089536K
  class space    used 5538K, capacity 5804K, committed 5888K, reserved 1048576K
}
Event: 6.195 GC heap before
{Heap before GC invocations=7 (full 2):
 PSYoungGen      total 170496K, used 170465K [0x000000076af00000, 0x0000000777380000, 0x00000007c0000000)
  eden space 159744K, 100% used [0x000000076af00000,0x0000000774b00000,0x0000000774b00000)
  from space 10752K, 99% used [0x0000000776900000,0x00000007773784e8,0x0000000777380000)
  to   space 10752K, 0% used [0x0000000775e80000,0x0000000775e80000,0x0000000776900000)
 ParOldGen       total 251392K, used 60612K [0x00000006c0c00000, 0x00000006d0180000, 0x000000076af00000)
  object space 251392K, 24% used [0x00000006c0c00000,0x00000006c4731390,0x00000006d0180000)
 Metaspace       used 54784K, capacity 55978K, committed 56192K, reserved 1097728K
  class space    used 6652K, capacity 6963K, committed 7040K, reserved 1048576K
Event: 6.221 GC heap after
Heap after GC invocations=7 (full 2):
 PSYoungGen      total 190464K, used 10742K [0x000000076af00000, 0x000000077c900000, 0x00000007c0000000)
  eden space 179712K, 0% used [0x000000076af00000,0x000000076af00000,0x0000000775e80000)
  from space 10752K, 99% used [0x0000000775e80000,0x00000007768fda10,0x0000000776900000)
  to   space 48128K, 0% used [0x0000000779a00000,0x0000000779a00000,0x000000077c900000)
 ParOldGen       total 251392K, used 97962K [0x00000006c0c00000, 0x00000006d0180000, 0x000000076af00000)
  object space 251392K, 38% used [0x00000006c0c00000,0x00000006c6baabd8,0x00000006d0180000)
 Metaspace       used 54784K, capacity 55978K, committed 56192K, reserved 1097728K
  class space    used 6652K, capacity 6963K, committed 7040K, reserved 1048576K
}
Event: 6.841 GC heap before
{Heap before GC invocations=8 (full 2):
 PSYoungGen      total 190464K, used 190454K [0x000000076af00000, 0x000000077c900000, 0x00000007c0000000)
  eden space 179712K, 100% used [0x000000076af00000,0x0000000775e80000,0x0000000775e80000)
  from space 10752K, 99% used [0x0000000775e80000,0x00000007768fda10,0x0000000776900000)
  to   space 48128K, 0% used [0x0000000779a00000,0x0000000779a00000,0x000000077c900000)
 ParOldGen       total 251392K, used 97962K [0x00000006c0c00000, 0x00000006d0180000, 0x000000076af00000)
  object space 251392K, 38% used [0x00000006c0c00000,0x00000006c6baabd8,0x00000006d0180000)
 Metaspace       used 55697K, capacity 56958K, committed 57344K, reserved 1099776K
  class space    used 6744K, capacity 7069K, committed 7168K, reserved 1048576K
Event: 6.859 GC heap after
Heap after GC invocations=8 (full 2):
 PSYoungGen      total 242176K, used 30182K [0x000000076af00000, 0x000000077e300000, 0x00000007c0000000)
  eden space 194048K, 0% used [0x000000076af00000,0x000000076af00000,0x0000000776c80000)
  from space 48128K, 62% used [0x0000000779a00000,0x000000077b7799b8,0x000000077c900000)
  to   space 46592K, 0% used [0x0000000776c80000,0x0000000776c80000,0x0000000779a00000)
 ParOldGen       total 251392K, used 97970K [0x00000006c0c00000, 0x00000006d0180000, 0x000000076af00000)
  object space 251392K, 38% used [0x00000006c0c00000,0x00000006c6bacbd8,0x00000006d0180000)
 Metaspace       used 55697K, capacity 56958K, committed 57344K, reserved 1099776K
  class space    used 6744K, capacity 7069K, committed 7168K, reserved 1048576K
}

