# JRE version: Java(TM) SE Runtime Environment (8.0_291-b10) (build 1.8.0_291-b10)
# Java VM: Java HotSpot(TM) 64-Bit Server VM (25.291-b10 mixed mode windows-amd64 compressed oops)
Heap:
 PSYoungGen      total 283648K, used 139087K [0x000000076af00000, 0x000000077f780000, 0x00000007c0000000)
  eden space 233984K, 59% used [0x000000076af00000,0x00000007736d3e98,0x0000000779380000)
  from space 49664K, 0% used [0x000000077c200000,0x000000077c200000,0x000000077f280000)
  to   space 47616K, 0% used [0x0000000779380000,0x0000000779380000,0x000000077c200000)
 ParOldGen       total 376832K, used 95296K [0x00000006c0c00000, 0x00000006d7c00000, 0x000000076af00000)
  object space 376832K, 25% used [0x00000006c0c00000,0x00000006c69102e8,0x00000006d7c00000)
 Metaspace       used 60798K, capacity 62184K, committed 62336K, reserved 1103872K
  class space    used 7114K, capacity 7452K, committed 7552K, reserved 1048576K
GC Heap History (10 events):
Event: 1.913 GC heap before
{Heap before GC invocations=5 (full 2):
 PSYoungGen      total 141824K, used 10740K [0x000000076af00000, 0x0000000777580000, 0x00000007c0000000)
  eden space 131072K, 0% used [0x000000076af00000,0x000000076af00000,0x0000000772f00000)
  from space 10752K, 99% used [0x0000000772f00000,0x000000077397d158,0x0000000773980000)
  to   space 10752K, 0% used [0x0000000776b00000,0x0000000776b00000,0x0000000777580000)
 ParOldGen       total 141824K, used 37259K [0x00000006c0c00000, 0x00000006c9680000, 0x000000076af00000)
  object space 141824K, 26% used [0x00000006c0c00000,0x00000006c3062eb0,0x00000006c9680000)
 Metaspace       used 34508K, capacity 35068K, committed 35416K, reserved 1081344K
  class space    used 4364K, capacity 4540K, committed 4608K, reserved 1048576K
Event: 1.950 GC heap after
Heap after GC invocations=5 (full 2):
 PSYoungGen      total 141824K, used 0K [0x000000076af00000, 0x0000000777580000, 0x00000007c0000000)
  eden space 131072K, 0% used [0x000000076af00000,0x000000076af00000,0x0000000772f00000)
  from space 10752K, 0% used [0x0000000772f00000,0x0000000772f00000,0x0000000773980000)
  to   space 10752K, 0% used [0x0000000776b00000,0x0000000776b00000,0x0000000777580000)
 ParOldGen       total 233472K, used 43700K [0x00000006c0c00000, 0x00000006cf000000, 0x000000076af00000)
  object space 233472K, 18% used [0x00000006c0c00000,0x00000006c36ad258,0x00000006cf000000)
 Metaspace       used 34508K, capacity 35068K, committed 35416K, reserved 1081344K
  class space    used 4364K, capacity 4540K, committed 4608K, reserved 1048576K
}
Event: 3.194 GC heap before
{Heap before GC invocations=6 (full 2):
 PSYoungGen      total 141824K, used 131072K [0x000000076af00000, 0x0000000777580000, 0x00000007c0000000)
  eden space 131072K, 100% used [0x000000076af00000,0x0000000772f00000,0x0000000772f00000)
  from space 10752K, 0% used [0x0000000772f00000,0x0000000772f00000,0x0000000773980000)
  to   space 10752K, 0% used [0x0000000776b00000,0x0000000776b00000,0x0000000777580000)
 ParOldGen       total 233472K, used 43700K [0x00000006c0c00000, 0x00000006cf000000, 0x000000076af00000)
  object space 233472K, 18% used [0x00000006c0c00000,0x00000006c36ad258,0x00000006cf000000)
 Metaspace       used 45106K, capacity 45914K, committed 46208K, reserved 1089536K
  class space    used 5500K, capacity 5741K, committed 5760K, reserved 1048576K
Event: 3.209 GC heap after
Heap after GC invocations=6 (full 2):
 PSYoungGen      total 184832K, used 10740K [0x000000076af00000, 0x0000000777580000, 0x00000007c0000000)
  eden space 174080K, 0% used [0x000000076af00000,0x000000076af00000,0x0000000775900000)
  from space 10752K, 99% used [0x0000000776b00000,0x000000077757d140,0x0000000777580000)
  to   space 10752K, 0% used [0x0000000776080000,0x0000000776080000,0x0000000776b00000)
 ParOldGen       total 233472K, used 61346K [0x00000006c0c00000, 0x00000006cf000000, 0x000000076af00000)
  object space 233472K, 26% used [0x00000006c0c00000,0x00000006c47e8980,0x00000006cf000000)
 Metaspace       used 45106K, capacity 45914K, committed 46208K, reserved 1089536K
  class space    used 5500K, capacity 5741K, committed 5760K, reserved 1048576K
}
Event: 4.725 GC heap before
{Heap before GC invocations=7 (full 2):
 PSYoungGen      total 184832K, used 184820K [0x000000076af00000, 0x0000000777580000, 0x00000007c0000000)
  eden space 174080K, 100% used [0x000000076af00000,0x0000000775900000,0x0000000775900000)
  from space 10752K, 99% used [0x0000000776b00000,0x000000077757d140,0x0000000777580000)
  to   space 10752K, 0% used [0x0000000776080000,0x0000000776080000,0x0000000776b00000)
 ParOldGen       total 233472K, used 61346K [0x00000006c0c00000, 0x00000006cf000000, 0x000000076af00000)
  object space 233472K, 26% used [0x00000006c0c00000,0x00000006c47e8980,0x00000006cf000000)
 Metaspace       used 53612K, capacity 54856K, committed 55040K, reserved 1097728K
  class space    used 6555K, capacity 6868K, committed 6912K, reserved 1048576K
Event: 4.754 GC heap after
Heap after GC invocations=7 (full 2):
 PSYoungGen      total 192512K, used 10741K [0x000000076af00000, 0x000000077f280000, 0x00000007c0000000)
  eden space 181760K, 0% used [0x000000076af00000,0x000000076af00000,0x0000000776080000)
  from space 10752K, 99% used [0x0000000776080000,0x0000000776afd628,0x0000000776b00000)
  to   space 49664K, 0% used [0x000000077c200000,0x000000077c200000,0x000000077f280000)
 ParOldGen       total 233472K, used 99936K [0x00000006c0c00000, 0x00000006cf000000, 0x000000076af00000)
  object space 233472K, 42% used [0x00000006c0c00000,0x00000006c6d98218,0x00000006cf000000)
 Metaspace       used 53612K, capacity 54856K, committed 55040K, reserved 1097728K
  class space    used 6555K, capacity 6868K, committed 6912K, reserved 1048576K
}
Event: 5.972 GC heap before
{Heap before GC invocations=8 (full 2):
 PSYoungGen      total 192512K, used 171314K [0x000000076af00000, 0x000000077f280000, 0x00000007c0000000)
  eden space 181760K, 88% used [0x000000076af00000,0x0000000774bcf2b8,0x0000000776080000)
  from space 10752K, 99% used [0x0000000776080000,0x0000000776afd628,0x0000000776b00000)
  to   space 49664K, 0% used [0x000000077c200000,0x000000077c200000,0x000000077f280000)
 ParOldGen       total 233472K, used 99936K [0x00000006c0c00000, 0x00000006cf000000, 0x000000076af00000)
  object space 233472K, 42% used [0x00000006c0c00000,0x00000006c6d98218,0x00000006cf000000)
 Metaspace       used 57603K, capacity 58862K, committed 59008K, reserved 1101824K
  class space    used 6913K, capacity 7241K, committed 7296K, reserved 1048576K
Event: 5.991 GC heap after
Heap after GC invocations=8 (full 2):
 PSYoungGen      total 283648K, used 30443K [0x000000076af00000, 0x000000077f780000, 0x00000007c0000000)
  eden space 233984K, 0% used [0x000000076af00000,0x000000076af00000,0x0000000779380000)
  from space 49664K, 61% used [0x000000077c200000,0x000000077dfbae10,0x000000077f280000)
  to   space 47616K, 0% used [0x0000000779380000,0x0000000779380000,0x000000077c200000)
 ParOldGen       total 233472K, used 99944K [0x00000006c0c00000, 0x00000006cf000000, 0x000000076af00000)
  object space 233472K, 42% used [0x00000006c0c00000,0x00000006c6d9a218,0x00000006cf000000)
 Metaspace       used 57603K, capacity 58862K, committed 59008K, reserved 1101824K
  class space    used 6913K, capacity 7241K, committed 7296K, reserved 1048576K
}
Event: 5.991 GC heap before
{Heap before GC invocations=9 (full 3):
 PSYoungGen      total 283648K, used 30443K [0x000000076af00000, 0x000000077f780000, 0x00000007c0000000)
  eden space 233984K, 0% used [0x000000076af00000,0x000000076af00000,0x0000000779380000)
  from space 49664K, 61% used [0x000000077c200000,0x000000077dfbae10,0x000000077f280000)
  to   space 47616K, 0% used [0x0000000779380000,0x0000000779380000,0x000000077c200000)
 ParOldGen       total 233472K, used 99944K [0x00000006c0c00000, 0x00000006cf000000, 0x000000076af00000)
  object space 233472K, 42% used [0x00000006c0c00000,0x00000006c6d9a218,0x00000006cf000000)
 Metaspace       used 57603K, capacity 58862K, committed 59008K, reserved 1101824K
  class space    used 6913K, capacity 7241K, committed 7296K, reserved 1048576K
Event: 6.161 GC heap after
Heap after GC invocations=9 (full 3):
 PSYoungGen      total 283648K, used 0K [0x000000076af00000, 0x000000077f780000, 0x00000007c0000000)
  eden space 233984K, 0% used [0x000000076af00000,0x000000076af00000,0x0000000779380000)
  from space 49664K, 0% used [0x000000077c200000,0x000000077c200000,0x000000077f280000)
  to   space 47616K, 0% used [0x0000000779380000,0x0000000779380000,0x000000077c200000)
 ParOldGen       total 376832K, used 95296K [0x00000006c0c00000, 0x00000006d7c00000, 0x000000076af00000)
  object space 376832K, 25% used [0x00000006c0c00000,0x00000006c69102e8,0x00000006d7c00000)
 Metaspace       used 57603K, capacity 58862K, committed 59008K, reserved 1101824K
  class space    used 6913K, capacity 7241K, committed 7296K, reserved 1048576K
}

