# JRE version: Java(TM) SE Runtime Environment (8.0_291-b10) (build 1.8.0_291-b10)
# Java VM: Java HotSpot(TM) 64-Bit Server VM (25.291-b10 mixed mode windows-amd64 compressed oops)
Heap:
 PSYoungGen      total 538624K, used 32591K [0x00000000d5580000, 0x0000000100000000, 0x0000000100000000)
  eden space 388608K, 8% used [0x00000000d5580000,0x00000000d7553c98,0x00000000ed100000)
  from space 150016K, 0% used [0x00000000f6d80000,0x00000000f6d80000,0x0000000100000000)
  to   space 155136K, 0% used [0x00000000ed100000,0x00000000ed100000,0x00000000f6880000)
 ParOldGen       total 322560K, used 121305K [0x0000000080000000, 0x0000000093b00000, 0x00000000d5580000)
  object space 322560K, 37% used [0x0000000080000000,0x0000000087676460,0x0000000093b00000)
 Metaspace       used 130612K, capacity 135882K, committed 136064K, reserved 1167360K
  class space    used 16491K, capacity 17474K, committed 17536K, reserved 1048576K
GC Heap History (10 events):
Event: 331.974 GC heap before
{Heap before GC invocations=33 (full 4):
 PSYoungGen      total 448512K, used 434002K [0x00000000d5580000, 0x00000000fd180000, 0x0000000100000000)
  eden space 370176K, 100% used [0x00000000d5580000,0x00000000ebf00000,0x00000000ebf00000)
  from space 78336K, 81% used [0x00000000f2800000,0x00000000f6654bf8,0x00000000f7480000)
  to   space 107520K, 0% used [0x00000000ebf00000,0x00000000ebf00000,0x00000000f2800000)
 ParOldGen       total 322560K, used 231621K [0x0000000080000000, 0x0000000093b00000, 0x00000000d5580000)
  object space 322560K, 71% used [0x0000000080000000,0x000000008e231678,0x0000000093b00000)
 Metaspace       used 120861K, capacity 126070K, committed 126208K, reserved 1159168K
  class space    used 15391K, capacity 16368K, committed 16384K, reserved 1048576K
Event: 331.996 GC heap after
Heap after GC invocations=33 (full 4):
 PSYoungGen      total 477696K, used 73564K [0x00000000d5580000, 0x00000000fc680000, 0x0000000100000000)
  eden space 370176K, 0% used [0x00000000d5580000,0x00000000d5580000,0x00000000ebf00000)
  from space 107520K, 68% used [0x00000000ebf00000,0x00000000f06d7278,0x00000000f2800000)
  to   space 111104K, 0% used [0x00000000f5a00000,0x00000000f5a00000,0x00000000fc680000)
 ParOldGen       total 322560K, used 231629K [0x0000000080000000, 0x0000000093b00000, 0x00000000d5580000)
  object space 322560K, 71% used [0x0000000080000000,0x000000008e233678,0x0000000093b00000)
 Metaspace       used 120861K, capacity 126070K, committed 126208K, reserved 1159168K
  class space    used 15391K, capacity 16368K, committed 16384K, reserved 1048576K
}
Event: 371.615 GC heap before
{Heap before GC invocations=34 (full 4):
 PSYoungGen      total 477696K, used 443740K [0x00000000d5580000, 0x00000000fc680000, 0x0000000100000000)
  eden space 370176K, 100% used [0x00000000d5580000,0x00000000ebf00000,0x00000000ebf00000)
  from space 107520K, 68% used [0x00000000ebf00000,0x00000000f06d7278,0x00000000f2800000)
  to   space 111104K, 0% used [0x00000000f5a00000,0x00000000f5a00000,0x00000000fc680000)
 ParOldGen       total 322560K, used 231629K [0x0000000080000000, 0x0000000093b00000, 0x00000000d5580000)
  object space 322560K, 71% used [0x0000000080000000,0x000000008e233678,0x0000000093b00000)
 Metaspace       used 121144K, capacity 126404K, committed 126592K, reserved 1159168K
  class space    used 15417K, capacity 16411K, committed 16512K, reserved 1048576K
Event: 371.684 GC heap after
Heap after GC invocations=34 (full 4):
 PSYoungGen      total 513536K, used 107818K [0x00000000d5580000, 0x00000000fdd80000, 0x0000000100000000)
  eden space 402432K, 0% used [0x00000000d5580000,0x00000000d5580000,0x00000000ede80000)
  from space 111104K, 97% used [0x00000000f5a00000,0x00000000fc34a920,0x00000000fc680000)
  to   space 126464K, 0% used [0x00000000ede80000,0x00000000ede80000,0x00000000f5a00000)
 ParOldGen       total 322560K, used 231637K [0x0000000080000000, 0x0000000093b00000, 0x00000000d5580000)
  object space 322560K, 71% used [0x0000000080000000,0x000000008e235678,0x0000000093b00000)
 Metaspace       used 121144K, capacity 126404K, committed 126592K, reserved 1159168K
  class space    used 15417K, capacity 16411K, committed 16512K, reserved 1048576K
}
Event: 372.973 GC heap before
{Heap before GC invocations=35 (full 4):
 PSYoungGen      total 513536K, used 510250K [0x00000000d5580000, 0x00000000fdd80000, 0x0000000100000000)
  eden space 402432K, 100% used [0x00000000d5580000,0x00000000ede80000,0x00000000ede80000)
  from space 111104K, 97% used [0x00000000f5a00000,0x00000000fc34a920,0x00000000fc680000)
  to   space 126464K, 0% used [0x00000000ede80000,0x00000000ede80000,0x00000000f5a00000)
 ParOldGen       total 322560K, used 231637K [0x0000000080000000, 0x0000000093b00000, 0x00000000d5580000)
  object space 322560K, 71% used [0x0000000080000000,0x000000008e235678,0x0000000093b00000)
 Metaspace       used 130346K, capacity 135660K, committed 135808K, reserved 1167360K
  class space    used 16470K, capacity 17469K, committed 17536K, reserved 1048576K
Event: 373.019 GC heap after
Heap after GC invocations=35 (full 4):
 PSYoungGen      total 528896K, used 126433K [0x00000000d5580000, 0x0000000100000000, 0x0000000100000000)
  eden space 402432K, 0% used [0x00000000d5580000,0x00000000d5580000,0x00000000ede80000)
  from space 126464K, 99% used [0x00000000ede80000,0x00000000f59f8478,0x00000000f5a00000)
  to   space 150016K, 0% used [0x00000000f6d80000,0x00000000f6d80000,0x0000000100000000)
 ParOldGen       total 322560K, used 242836K [0x0000000080000000, 0x0000000093b00000, 0x00000000d5580000)
  object space 322560K, 75% used [0x0000000080000000,0x000000008ed25168,0x0000000093b00000)
 Metaspace       used 130346K, capacity 135660K, committed 135808K, reserved 1167360K
  class space    used 16470K, capacity 17469K, committed 17536K, reserved 1048576K
}
Event: 407.962 GC heap before
{Heap before GC invocations=36 (full 4):
 PSYoungGen      total 528896K, used 528865K [0x00000000d5580000, 0x0000000100000000, 0x0000000100000000)
  eden space 402432K, 100% used [0x00000000d5580000,0x00000000ede80000,0x00000000ede80000)
  from space 126464K, 99% used [0x00000000ede80000,0x00000000f59f8478,0x00000000f5a00000)
  to   space 150016K, 0% used [0x00000000f6d80000,0x00000000f6d80000,0x0000000100000000)
 ParOldGen       total 322560K, used 242836K [0x0000000080000000, 0x0000000093b00000, 0x00000000d5580000)
  object space 322560K, 75% used [0x0000000080000000,0x000000008ed25168,0x0000000093b00000)
 Metaspace       used 130565K, capacity 135878K, committed 136064K, reserved 1167360K
  class space    used 16489K, capacity 17474K, committed 17536K, reserved 1048576K
Event: 408.027 GC heap after
Heap after GC invocations=36 (full 4):
 PSYoungGen      total 538624K, used 100789K [0x00000000d5580000, 0x0000000100000000, 0x0000000100000000)
  eden space 388608K, 0% used [0x00000000d5580000,0x00000000d5580000,0x00000000ed100000)
  from space 150016K, 67% used [0x00000000f6d80000,0x00000000fcfed6f8,0x0000000100000000)
  to   space 155136K, 0% used [0x00000000ed100000,0x00000000ed100000,0x00000000f6880000)
 ParOldGen       total 322560K, used 287128K [0x0000000080000000, 0x0000000093b00000, 0x00000000d5580000)
  object space 322560K, 89% used [0x0000000080000000,0x0000000091866168,0x0000000093b00000)
 Metaspace       used 130565K, capacity 135878K, committed 136064K, reserved 1167360K
  class space    used 16489K, capacity 17474K, committed 17536K, reserved 1048576K
}
Event: 408.027 GC heap before
{Heap before GC invocations=37 (full 5):
 PSYoungGen      total 538624K, used 100789K [0x00000000d5580000, 0x0000000100000000, 0x0000000100000000)
  eden space 388608K, 0% used [0x00000000d5580000,0x00000000d5580000,0x00000000ed100000)
  from space 150016K, 67% used [0x00000000f6d80000,0x00000000fcfed6f8,0x0000000100000000)
  to   space 155136K, 0% used [0x00000000ed100000,0x00000000ed100000,0x00000000f6880000)
 ParOldGen       total 322560K, used 287128K [0x0000000080000000, 0x0000000093b00000, 0x00000000d5580000)
  object space 322560K, 89% used [0x0000000080000000,0x0000000091866168,0x0000000093b00000)
 Metaspace       used 130565K, capacity 135878K, committed 136064K, reserved 1167360K
  class space    used 16489K, capacity 17474K, committed 17536K, reserved 1048576K
Event: 408.227 GC heap after
Heap after GC invocations=37 (full 5):
 PSYoungGen      total 538624K, used 0K [0x00000000d5580000, 0x0000000100000000, 0x0000000100000000)
  eden space 388608K, 0% used [0x00000000d5580000,0x00000000d5580000,0x00000000ed100000)
  from space 150016K, 0% used [0x00000000f6d80000,0x00000000f6d80000,0x0000000100000000)
  to   space 155136K, 0% used [0x00000000ed100000,0x00000000ed100000,0x00000000f6880000)
 ParOldGen       total 322560K, used 121305K [0x0000000080000000, 0x0000000093b00000, 0x00000000d5580000)
  object space 322560K, 37% used [0x0000000080000000,0x0000000087676460,0x0000000093b00000)
 Metaspace       used 130565K, capacity 135878K, committed 136064K, reserved 1167360K
  class space    used 16489K, capacity 17474K, committed 17536K, reserved 1048576K
}

