# JRE version: Java(TM) SE Runtime Environment (8.0_291-b10) (build 1.8.0_291-b10)
# Java VM: Java HotSpot(TM) 64-Bit Server VM (25.291-b10 mixed mode windows-amd64 compressed oops)
Heap:
 PSYoungGen      total 524800K, used 409640K [0x00000000d5580000, 0x0000000100000000, 0x0000000100000000)
  eden space 394752K, 80% used [0x00000000d5580000,0x00000000e8a26098,0x00000000ed700000)
  from space 130048K, 71% used [0x00000000ed700000,0x00000000f326f980,0x00000000f5600000)
  to   space 135680K, 0% used [0x00000000f7b80000,0x00000000f7b80000,0x0000000100000000)
 ParOldGen       total 322560K, used 268123K [0x0000000080000000, 0x0000000093b00000, 0x00000000d5580000)
  object space 322560K, 83% used [0x0000000080000000,0x00000000905d6e70,0x0000000093b00000)
 Metaspace       used 147344K, capacity 156228K, committed 156416K, reserved 1185792K
  class space    used 18579K, capacity 20419K, committed 20480K, reserved 1048576K
GC Heap History (10 events):
Event: 2859.749 GC heap before
{Heap before GC invocations=31 (full 4):
 PSYoungGen      total 414208K, used 409875K [0x00000000d5580000, 0x00000000f9100000, 0x0000000100000000)
  eden space 315904K, 100% used [0x00000000d5580000,0x00000000e8a00000,0x00000000e8a00000)
  from space 98304K, 95% used [0x00000000ef780000,0x00000000f5344fc8,0x00000000f5780000)
  to   space 112128K, 0% used [0x00000000e8a00000,0x00000000e8a00000,0x00000000ef780000)
 ParOldGen       total 322560K, used 182250K [0x0000000080000000, 0x0000000093b00000, 0x00000000d5580000)
  object space 322560K, 56% used [0x0000000080000000,0x000000008b1faac0,0x0000000093b00000)
 Metaspace       used 127519K, capacity 135670K, committed 135936K, reserved 1167360K
  class space    used 16591K, capacity 18324K, committed 18432K, reserved 1048576K
Event: 2859.808 GC heap after
Heap after GC invocations=31 (full 4):
 PSYoungGen      total 428032K, used 112107K [0x00000000d5580000, 0x00000000fdd00000, 0x0000000100000000)
  eden space 315904K, 0% used [0x00000000d5580000,0x00000000d5580000,0x00000000e8a00000)
  from space 112128K, 99% used [0x00000000e8a00000,0x00000000ef77ac10,0x00000000ef780000)
  to   space 153088K, 0% used [0x00000000f4780000,0x00000000f4780000,0x00000000fdd00000)
 ParOldGen       total 322560K, used 245305K [0x0000000080000000, 0x0000000093b00000, 0x00000000d5580000)
  object space 322560K, 76% used [0x0000000080000000,0x000000008ef8e778,0x0000000093b00000)
 Metaspace       used 127519K, capacity 135670K, committed 135936K, reserved 1167360K
  class space    used 16591K, capacity 18324K, committed 18432K, reserved 1048576K
}
Event: 2861.475 GC heap before
{Heap before GC invocations=32 (full 4):
 PSYoungGen      total 428032K, used 428011K [0x00000000d5580000, 0x00000000fdd00000, 0x0000000100000000)
  eden space 315904K, 100% used [0x00000000d5580000,0x00000000e8a00000,0x00000000e8a00000)
  from space 112128K, 99% used [0x00000000e8a00000,0x00000000ef77ac10,0x00000000ef780000)
  to   space 153088K, 0% used [0x00000000f4780000,0x00000000f4780000,0x00000000fdd00000)
 ParOldGen       total 322560K, used 245308K [0x0000000080000000, 0x0000000093b00000, 0x00000000d5580000)
  object space 322560K, 76% used [0x0000000080000000,0x000000008ef8f110,0x0000000093b00000)
 Metaspace       used 133124K, capacity 141234K, committed 141568K, reserved 1171456K
  class space    used 17125K, capacity 18820K, committed 18944K, reserved 1048576K
Event: 2861.515 GC heap after
Heap after GC invocations=32 (full 4):
 PSYoungGen      total 494592K, used 56974K [0x00000000d5580000, 0x00000000fcd00000, 0x0000000100000000)
  eden space 357888K, 0% used [0x00000000d5580000,0x00000000d5580000,0x00000000eb300000)
  from space 136704K, 41% used [0x00000000f4780000,0x00000000f7f23b58,0x00000000fcd00000)
  to   space 144384K, 0% used [0x00000000eb300000,0x00000000eb300000,0x00000000f4000000)
 ParOldGen       total 322560K, used 268076K [0x0000000080000000, 0x0000000093b00000, 0x00000000d5580000)
  object space 322560K, 83% used [0x0000000080000000,0x00000000905cb230,0x0000000093b00000)
 Metaspace       used 133124K, capacity 141234K, committed 141568K, reserved 1171456K
  class space    used 17125K, capacity 18820K, committed 18944K, reserved 1048576K
}
Event: 3065.608 GC heap before
{Heap before GC invocations=33 (full 4):
 PSYoungGen      total 494592K, used 414862K [0x00000000d5580000, 0x00000000fcd00000, 0x0000000100000000)
  eden space 357888K, 100% used [0x00000000d5580000,0x00000000eb300000,0x00000000eb300000)
  from space 136704K, 41% used [0x00000000f4780000,0x00000000f7f23b58,0x00000000fcd00000)
  to   space 144384K, 0% used [0x00000000eb300000,0x00000000eb300000,0x00000000f4000000)
 ParOldGen       total 322560K, used 268076K [0x0000000080000000, 0x0000000093b00000, 0x00000000d5580000)
  object space 322560K, 83% used [0x0000000080000000,0x00000000905cb230,0x0000000093b00000)
 Metaspace       used 136975K, capacity 145400K, committed 145536K, reserved 1175552K
  class space    used 17528K, capacity 19259K, committed 19328K, reserved 1048576K
Event: 3065.674 GC heap after
Heap after GC invocations=33 (full 4):
 PSYoungGen      total 502272K, used 58272K [0x00000000d5580000, 0x00000000fe400000, 0x0000000100000000)
  eden space 357888K, 0% used [0x00000000d5580000,0x00000000d5580000,0x00000000eb300000)
  from space 144384K, 40% used [0x00000000eb300000,0x00000000eebe8180,0x00000000f4000000)
  to   space 136192K, 0% used [0x00000000f5f00000,0x00000000f5f00000,0x00000000fe400000)
 ParOldGen       total 322560K, used 268099K [0x0000000080000000, 0x0000000093b00000, 0x00000000d5580000)
  object space 322560K, 83% used [0x0000000080000000,0x00000000905d0e70,0x0000000093b00000)
 Metaspace       used 136975K, capacity 145400K, committed 145536K, reserved 1175552K
  class space    used 17528K, capacity 19259K, committed 19328K, reserved 1048576K
}
Event: 3068.539 GC heap before
{Heap before GC invocations=34 (full 4):
 PSYoungGen      total 502272K, used 416160K [0x00000000d5580000, 0x00000000fe400000, 0x0000000100000000)
  eden space 357888K, 100% used [0x00000000d5580000,0x00000000eb300000,0x00000000eb300000)
  from space 144384K, 40% used [0x00000000eb300000,0x00000000eebe8180,0x00000000f4000000)
  to   space 136192K, 0% used [0x00000000f5f00000,0x00000000f5f00000,0x00000000fe400000)
 ParOldGen       total 322560K, used 268099K [0x0000000080000000, 0x0000000093b00000, 0x00000000d5580000)
  object space 322560K, 83% used [0x0000000080000000,0x00000000905d0e70,0x0000000093b00000)
 Metaspace       used 137432K, capacity 146014K, committed 146176K, reserved 1175552K
  class space    used 17576K, capacity 19334K, committed 19456K, reserved 1048576K
Event: 3068.563 GC heap after
Heap after GC invocations=34 (full 4):
 PSYoungGen      total 515584K, used 64131K [0x00000000d5580000, 0x00000000fd500000, 0x0000000100000000)
  eden space 394752K, 0% used [0x00000000d5580000,0x00000000d5580000,0x00000000ed700000)
  from space 120832K, 53% used [0x00000000f5f00000,0x00000000f9da0ef8,0x00000000fd500000)
  to   space 130048K, 0% used [0x00000000ed700000,0x00000000ed700000,0x00000000f5600000)
 ParOldGen       total 322560K, used 268107K [0x0000000080000000, 0x0000000093b00000, 0x00000000d5580000)
  object space 322560K, 83% used [0x0000000080000000,0x00000000905d2e70,0x0000000093b00000)
 Metaspace       used 137432K, capacity 146014K, committed 146176K, reserved 1175552K
  class space    used 17576K, capacity 19334K, committed 19456K, reserved 1048576K
}
Event: 3091.584 GC heap before
{Heap before GC invocations=35 (full 4):
 PSYoungGen      total 515584K, used 458883K [0x00000000d5580000, 0x00000000fd500000, 0x0000000100000000)
  eden space 394752K, 100% used [0x00000000d5580000,0x00000000ed700000,0x00000000ed700000)
  from space 120832K, 53% used [0x00000000f5f00000,0x00000000f9da0ef8,0x00000000fd500000)
  to   space 130048K, 0% used [0x00000000ed700000,0x00000000ed700000,0x00000000f5600000)
 ParOldGen       total 322560K, used 268107K [0x0000000080000000, 0x0000000093b00000, 0x00000000d5580000)
  object space 322560K, 83% used [0x0000000080000000,0x00000000905d2e70,0x0000000093b00000)
 Metaspace       used 140083K, capacity 148804K, committed 148992K, reserved 1179648K
  class space    used 17908K, capacity 19693K, committed 19712K, reserved 1048576K
Event: 3091.623 GC heap after
Heap after GC invocations=35 (full 4):
 PSYoungGen      total 524800K, used 93630K [0x00000000d5580000, 0x0000000100000000, 0x0000000100000000)
  eden space 394752K, 0% used [0x00000000d5580000,0x00000000d5580000,0x00000000ed700000)
  from space 130048K, 71% used [0x00000000ed700000,0x00000000f326f980,0x00000000f5600000)
  to   space 135680K, 0% used [0x00000000f7b80000,0x00000000f7b80000,0x0000000100000000)
 ParOldGen       total 322560K, used 268123K [0x0000000080000000, 0x0000000093b00000, 0x00000000d5580000)
  object space 322560K, 83% used [0x0000000080000000,0x00000000905d6e70,0x0000000093b00000)
 Metaspace       used 140083K, capacity 148804K, committed 148992K, reserved 1179648K
  class space    used 17908K, capacity 19693K, committed 19712K, reserved 1048576K
}

