# JRE version: Java(TM) SE Runtime Environment (8.0_291-b10) (build 1.8.0_291-b10)
# Java VM: Java HotSpot(TM) 64-Bit Server VM (25.291-b10 mixed mode windows-amd64 compressed oops)
Heap:
 PSYoungGen      total 197632K, used 113388K [0x000000076af00000, 0x000000077c980000, 0x00000007c0000000)
  eden space 143872K, 78% used [0x000000076af00000,0x0000000771dbb368,0x0000000773b80000)
  from space 53760K, 0% used [0x0000000773b80000,0x0000000773b80000,0x0000000777000000)
  to   space 53760K, 0% used [0x0000000779500000,0x0000000779500000,0x000000077c980000)
 ParOldGen       total 354304K, used 102774K [0x00000006c0c00000, 0x00000006d6600000, 0x000000076af00000)
  object space 354304K, 29% used [0x00000006c0c00000,0x00000006c705d9d8,0x00000006d6600000)
 Metaspace       used 60660K, capacity 62042K, committed 62208K, reserved 1103872K
  class space    used 7097K, capacity 7423K, committed 7424K, reserved 1048576K
GC Heap History (10 events):
Event: 3.739 GC heap before
{Heap before GC invocations=8 (full 2):
 PSYoungGen      total 102400K, used 102398K [0x000000076af00000, 0x0000000775580000, 0x00000007c0000000)
  eden space 91648K, 100% used [0x000000076af00000,0x0000000770880000,0x0000000770880000)
  from space 10752K, 99% used [0x0000000770880000,0x00000007712ffb68,0x0000000771300000)
  to   space 24576K, 0% used [0x0000000773d80000,0x0000000773d80000,0x0000000775580000)
 ParOldGen       total 224256K, used 46775K [0x00000006c0c00000, 0x00000006ce700000, 0x000000076af00000)
  object space 224256K, 20% used [0x00000006c0c00000,0x00000006c39ade10,0x00000006ce700000)
 Metaspace       used 51133K, capacity 52212K, committed 52480K, reserved 1095680K
  class space    used 6362K, capacity 6626K, committed 6656K, reserved 1048576K
Event: 3.754 GC heap after
Heap after GC invocations=8 (full 2):
 PSYoungGen      total 138240K, used 24548K [0x000000076af00000, 0x0000000776380000, 0x00000007c0000000)
  eden space 113664K, 0% used [0x000000076af00000,0x000000076af00000,0x0000000771e00000)
  from space 24576K, 99% used [0x0000000773d80000,0x00000007755790b8,0x0000000775580000)
  to   space 32256K, 0% used [0x0000000771e00000,0x0000000771e00000,0x0000000773d80000)
 ParOldGen       total 224256K, used 56015K [0x00000006c0c00000, 0x00000006ce700000, 0x000000076af00000)
  object space 224256K, 24% used [0x00000006c0c00000,0x00000006c42b3db0,0x00000006ce700000)
 Metaspace       used 51133K, capacity 52212K, committed 52480K, reserved 1095680K
  class space    used 6362K, capacity 6626K, committed 6656K, reserved 1048576K
}
Event: 4.580 GC heap before
{Heap before GC invocations=9 (full 2):
 PSYoungGen      total 138240K, used 138212K [0x000000076af00000, 0x0000000776380000, 0x00000007c0000000)
  eden space 113664K, 100% used [0x000000076af00000,0x0000000771e00000,0x0000000771e00000)
  from space 24576K, 99% used [0x0000000773d80000,0x00000007755790b8,0x0000000775580000)
  to   space 32256K, 0% used [0x0000000771e00000,0x0000000771e00000,0x0000000773d80000)
 ParOldGen       total 224256K, used 56015K [0x00000006c0c00000, 0x00000006ce700000, 0x000000076af00000)
  object space 224256K, 24% used [0x00000006c0c00000,0x00000006c42b3db0,0x00000006ce700000)
 Metaspace       used 53679K, capacity 54814K, committed 55040K, reserved 1097728K
  class space    used 6542K, capacity 6833K, committed 6912K, reserved 1048576K
Event: 4.604 GC heap after
Heap after GC invocations=9 (full 2):
 PSYoungGen      total 145920K, used 32228K [0x000000076af00000, 0x0000000779c00000, 0x00000007c0000000)
  eden space 113664K, 0% used [0x000000076af00000,0x000000076af00000,0x0000000771e00000)
  from space 32256K, 99% used [0x0000000771e00000,0x0000000773d79320,0x0000000773d80000)
  to   space 45056K, 0% used [0x0000000777000000,0x0000000777000000,0x0000000779c00000)
 ParOldGen       total 224256K, used 73057K [0x00000006c0c00000, 0x00000006ce700000, 0x000000076af00000)
  object space 224256K, 32% used [0x00000006c0c00000,0x00000006c53586f0,0x00000006ce700000)
 Metaspace       used 53679K, capacity 54814K, committed 55040K, reserved 1097728K
  class space    used 6542K, capacity 6833K, committed 6912K, reserved 1048576K
}
Event: 5.083 GC heap before
{Heap before GC invocations=10 (full 2):
 PSYoungGen      total 145920K, used 145892K [0x000000076af00000, 0x0000000779c00000, 0x00000007c0000000)
  eden space 113664K, 100% used [0x000000076af00000,0x0000000771e00000,0x0000000771e00000)
  from space 32256K, 99% used [0x0000000771e00000,0x0000000773d79320,0x0000000773d80000)
  to   space 45056K, 0% used [0x0000000777000000,0x0000000777000000,0x0000000779c00000)
 ParOldGen       total 224256K, used 73057K [0x00000006c0c00000, 0x00000006ce700000, 0x000000076af00000)
  object space 224256K, 32% used [0x00000006c0c00000,0x00000006c53586f0,0x00000006ce700000)
 Metaspace       used 54609K, capacity 55834K, committed 56192K, reserved 1097728K
  class space    used 6630K, capacity 6935K, committed 7040K, reserved 1048576K
Event: 5.111 GC heap after
Heap after GC invocations=10 (full 2):
 PSYoungGen      total 188928K, used 45029K [0x000000076af00000, 0x000000077b680000, 0x00000007c0000000)
  eden space 143872K, 0% used [0x000000076af00000,0x000000076af00000,0x0000000773b80000)
  from space 45056K, 99% used [0x0000000777000000,0x0000000779bf97f0,0x0000000779c00000)
  to   space 53760K, 0% used [0x0000000773b80000,0x0000000773b80000,0x0000000777000000)
 ParOldGen       total 224256K, used 78722K [0x00000006c0c00000, 0x00000006ce700000, 0x000000076af00000)
  object space 224256K, 35% used [0x00000006c0c00000,0x00000006c58e0a38,0x00000006ce700000)
 Metaspace       used 54609K, capacity 55834K, committed 56192K, reserved 1097728K
  class space    used 6630K, capacity 6935K, committed 7040K, reserved 1048576K
}
Event: 5.773 GC heap before
{Heap before GC invocations=11 (full 2):
 PSYoungGen      total 188928K, used 125995K [0x000000076af00000, 0x000000077b680000, 0x00000007c0000000)
  eden space 143872K, 56% used [0x000000076af00000,0x000000076fe114a8,0x0000000773b80000)
  from space 45056K, 99% used [0x0000000777000000,0x0000000779bf97f0,0x0000000779c00000)
  to   space 53760K, 0% used [0x0000000773b80000,0x0000000773b80000,0x0000000777000000)
 ParOldGen       total 224256K, used 78722K [0x00000006c0c00000, 0x00000006ce700000, 0x000000076af00000)
  object space 224256K, 35% used [0x00000006c0c00000,0x00000006c58e0a38,0x00000006ce700000)
 Metaspace       used 57645K, capacity 58902K, committed 59008K, reserved 1101824K
  class space    used 6896K, capacity 7231K, committed 7296K, reserved 1048576K
Event: 5.796 GC heap after
Heap after GC invocations=11 (full 2):
 PSYoungGen      total 197632K, used 34010K [0x000000076af00000, 0x000000077c980000, 0x00000007c0000000)
  eden space 143872K, 0% used [0x000000076af00000,0x000000076af00000,0x0000000773b80000)
  from space 53760K, 63% used [0x0000000773b80000,0x0000000775cb6b00,0x0000000777000000)
  to   space 53760K, 0% used [0x0000000779500000,0x0000000779500000,0x000000077c980000)
 ParOldGen       total 224256K, used 97404K [0x00000006c0c00000, 0x00000006ce700000, 0x000000076af00000)
  object space 224256K, 43% used [0x00000006c0c00000,0x00000006c6b1f130,0x00000006ce700000)
 Metaspace       used 57645K, capacity 58902K, committed 59008K, reserved 1101824K
  class space    used 6896K, capacity 7231K, committed 7296K, reserved 1048576K
}
Event: 5.796 GC heap before
{Heap before GC invocations=12 (full 3):
 PSYoungGen      total 197632K, used 34010K [0x000000076af00000, 0x000000077c980000, 0x00000007c0000000)
  eden space 143872K, 0% used [0x000000076af00000,0x000000076af00000,0x0000000773b80000)
  from space 53760K, 63% used [0x0000000773b80000,0x0000000775cb6b00,0x0000000777000000)
  to   space 53760K, 0% used [0x0000000779500000,0x0000000779500000,0x000000077c980000)
 ParOldGen       total 224256K, used 97404K [0x00000006c0c00000, 0x00000006ce700000, 0x000000076af00000)
  object space 224256K, 43% used [0x00000006c0c00000,0x00000006c6b1f130,0x00000006ce700000)
 Metaspace       used 57645K, capacity 58902K, committed 59008K, reserved 1101824K
  class space    used 6896K, capacity 7231K, committed 7296K, reserved 1048576K
Event: 5.963 GC heap after
Heap after GC invocations=12 (full 3):
 PSYoungGen      total 197632K, used 0K [0x000000076af00000, 0x000000077c980000, 0x00000007c0000000)
  eden space 143872K, 0% used [0x000000076af00000,0x000000076af00000,0x0000000773b80000)
  from space 53760K, 0% used [0x0000000773b80000,0x0000000773b80000,0x0000000777000000)
  to   space 53760K, 0% used [0x0000000779500000,0x0000000779500000,0x000000077c980000)
 ParOldGen       total 354304K, used 102774K [0x00000006c0c00000, 0x00000006d6600000, 0x000000076af00000)
  object space 354304K, 29% used [0x00000006c0c00000,0x00000006c705d9d8,0x00000006d6600000)
 Metaspace       used 57645K, capacity 58902K, committed 59008K, reserved 1101824K
  class space    used 6896K, capacity 7231K, committed 7296K, reserved 1048576K
}

